$ packer build packer/ubuntu16.pkr.hcl 
yandex.test: output will be in this color.

==> yandex.test: Creating temporary RSA SSH key for instance...
==> yandex.test: Using as source image: fd8muc4bqd3rmc7qq93t (name: "ubuntu-16-04-lts-v20230703", family: "ubuntu-1604-lts")
==> yandex.test: Use provided subnet id e9bi9oji8ljojstbt6cp
==> yandex.test: Creating disk...
==> yandex.test: Creating instance...
==> yandex.test: Waiting for instance with id fhmgsqnheth1o362d4hi to become active...
    yandex.test: Detected instance IP: 51.250.74.10
==> yandex.test: Using SSH communicator to connect: 51.250.74.10
==> yandex.test: Waiting for SSH to become available...
==> yandex.test: Connected to SSH!
==> yandex.test: Pausing 5s before the next provisioner...
==> yandex.test: Provisioning with shell script: /tmp/packer-shell133669842
    yandex.test: Hit:1 http://mirror.yandex.ru/ubuntu xenial InRelease
    yandex.test: Get:2 http://mirror.yandex.ru/ubuntu xenial-updates InRelease [99.8 kB]
    yandex.test: Get:3 http://mirror.yandex.ru/ubuntu xenial-backports InRelease [97.4 kB]
    yandex.test: Get:4 http://security.ubuntu.com/ubuntu xenial-security InRelease [99.8 kB]
    yandex.test: Get:5 http://mirror.yandex.ru/ubuntu xenial-updates/main amd64 Packages [2,049 kB]
    yandex.test: Get:6 http://mirror.yandex.ru/ubuntu xenial-updates/main i386 Packages [1,525 kB]
    yandex.test: Get:7 http://mirror.yandex.ru/ubuntu xenial-updates/universe amd64 Packages [1,221 kB]
    yandex.test: Get:8 http://mirror.yandex.ru/ubuntu xenial-updates/universe i386 Packages [1,087 kB]
    yandex.test: Get:9 http://security.ubuntu.com/ubuntu xenial-security/main amd64 Packages [1,648 kB]
    yandex.test: Get:10 http://security.ubuntu.com/ubuntu xenial-security/main i386 Packages [1,160 kB]
    yandex.test: Get:11 http://security.ubuntu.com/ubuntu xenial-security/universe amd64 Packages [786 kB]
    yandex.test: Get:12 http://security.ubuntu.com/ubuntu xenial-security/universe i386 Packages [666 kB]
    yandex.test: Fetched 10.4 MB in 3s (3,365 kB/s)
    yandex.test: Reading package lists...
==> yandex.test:
==> yandex.test: WARNING: apt does not have a stable CLI interface. Use with caution in scripts.
==> yandex.test:
    yandex.test: Reading package lists...
    yandex.test: Building dependency tree...
    yandex.test: Reading state information...
    yandex.test: The following additional packages will be installed:
    yandex.test:   git-man liberror-perl libgdbm3 libperl5.22 patch perl perl-modules-5.22
    yandex.test:   rename
    yandex.test: Suggested packages:
    yandex.test:   git-daemon-run | git-daemon-sysvinit git-doc git-el git-email git-gui gitk
    yandex.test:   gitweb git-arch git-cvs git-mediawiki git-svn ed diffutils-doc perl-doc
    yandex.test:   libterm-readline-gnu-perl | libterm-readline-perl-perl make
    yandex.test: The following NEW packages will be installed:
    yandex.test:   dialog dos2unix git git-man liberror-perl libgdbm3 libperl5.22 patch perl
    yandex.test:   perl-modules-5.22 rename rsync
    yandex.test: 0 upgraded, 12 newly installed, 0 to remove and 9 not upgraded.
    yandex.test: Need to get 10.9 MB of archives.
    yandex.test: After this operation, 67.4 MB of additional disk space will be used.
    yandex.test: Get:1 http://mirror.yandex.ru/ubuntu xenial/main amd64 libgdbm3 amd64 1.8.3-13.1 [16.9 kB]
    yandex.test: Get:2 http://mirror.yandex.ru/ubuntu xenial-updates/main amd64 perl-modules-5.22 all 5.22.1-9ubuntu0.9 [2,634 kB]
    yandex.test: Get:3 http://mirror.yandex.ru/ubuntu xenial-updates/main amd64 libperl5.22 amd64 5.22.1-9ubuntu0.9 [3,360 kB]
    yandex.test: Get:4 http://mirror.yandex.ru/ubuntu xenial-updates/main amd64 perl amd64 5.22.1-9ubuntu0.9 [237 kB]
    yandex.test: Get:5 http://mirror.yandex.ru/ubuntu xenial-updates/main amd64 rsync amd64 3.1.1-3ubuntu1.3 [329 kB]
    yandex.test: Get:6 http://mirror.yandex.ru/ubuntu xenial/universe amd64 dialog amd64 1.3-20160209-1 [215 kB]
    yandex.test: Get:7 http://mirror.yandex.ru/ubuntu xenial/main amd64 liberror-perl all 0.17-1.2 [19.6 kB]
    yandex.test: Get:8 http://mirror.yandex.ru/ubuntu xenial-updates/main amd64 git-man all 1:2.7.4-0ubuntu1.10 [737 kB]
    yandex.test: Get:9 http://mirror.yandex.ru/ubuntu xenial-updates/main amd64 git amd64 1:2.7.4-0ubuntu1.10 [3,183 kB]
    yandex.test: Get:10 http://mirror.yandex.ru/ubuntu xenial-updates/main amd64 patch amd64 2.7.5-1ubuntu0.16.04.2 [90.8 kB]
    yandex.test: Get:11 http://mirror.yandex.ru/ubuntu xenial/main amd64 rename all 0.20-4 [12.0 kB]
    yandex.test: Get:12 http://mirror.yandex.ru/ubuntu xenial/universe amd64 dos2unix amd64 6.0.4-1 [68.7 kB]
    yandex.test: Fetched 10.9 MB in 0s (29.6 MB/s)
    yandex.test: Selecting previously unselected package libgdbm3:amd64.
    yandex.test: (Reading database ... 56152 files and directories currently installed.)
    yandex.test: Preparing to unpack .../libgdbm3_1.8.3-13.1_amd64.deb ...
    yandex.test: Unpacking libgdbm3:amd64 (1.8.3-13.1) ...
    yandex.test: Selecting previously unselected package perl-modules-5.22.
    yandex.test: Preparing to unpack .../perl-modules-5.22_5.22.1-9ubuntu0.9_all.deb ...
    yandex.test: Unpacking perl-modules-5.22 (5.22.1-9ubuntu0.9) ...
    yandex.test: Selecting previously unselected package libperl5.22:amd64.
    yandex.test: Preparing to unpack .../libperl5.22_5.22.1-9ubuntu0.9_amd64.deb ...
    yandex.test: Unpacking libperl5.22:amd64 (5.22.1-9ubuntu0.9) ...
    yandex.test: Selecting previously unselected package perl.
    yandex.test: Preparing to unpack .../perl_5.22.1-9ubuntu0.9_amd64.deb ...
    yandex.test: Unpacking perl (5.22.1-9ubuntu0.9) ...
    yandex.test: Selecting previously unselected package rsync.
    yandex.test: Preparing to unpack .../rsync_3.1.1-3ubuntu1.3_amd64.deb ...
    yandex.test: Unpacking rsync (3.1.1-3ubuntu1.3) ...
    yandex.test: Selecting previously unselected package dialog.
    yandex.test: Preparing to unpack .../dialog_1.3-20160209-1_amd64.deb ...
    yandex.test: Unpacking dialog (1.3-20160209-1) ...
    yandex.test: Selecting previously unselected package liberror-perl.
    yandex.test: Preparing to unpack .../liberror-perl_0.17-1.2_all.deb ...
    yandex.test: Unpacking liberror-perl (0.17-1.2) ...
    yandex.test: Selecting previously unselected package git-man.
    yandex.test: Preparing to unpack .../git-man_1%3a2.7.4-0ubuntu1.10_all.deb ...
    yandex.test: Unpacking git-man (1:2.7.4-0ubuntu1.10) ...
    yandex.test: Selecting previously unselected package git.
    yandex.test: Preparing to unpack .../git_1%3a2.7.4-0ubuntu1.10_amd64.deb ...
    yandex.test: Unpacking git (1:2.7.4-0ubuntu1.10) ...
    yandex.test: Selecting previously unselected package patch.
    yandex.test: Preparing to unpack .../patch_2.7.5-1ubuntu0.16.04.2_amd64.deb ...
    yandex.test: Unpacking patch (2.7.5-1ubuntu0.16.04.2) ...
    yandex.test: Selecting previously unselected package rename.
    yandex.test: Preparing to unpack .../archives/rename_0.20-4_all.deb ...
    yandex.test: Unpacking rename (0.20-4) ...
    yandex.test: Selecting previously unselected package dos2unix.
    yandex.test: Preparing to unpack .../dos2unix_6.0.4-1_amd64.deb ...
    yandex.test: Unpacking dos2unix (6.0.4-1) ...
    yandex.test: Processing triggers for systemd (229-4ubuntu21.31) ...
    yandex.test: Processing triggers for ureadahead (0.100.0-19.1) ...
    yandex.test: Setting up libgdbm3:amd64 (1.8.3-13.1) ...
    yandex.test: Setting up perl-modules-5.22 (5.22.1-9ubuntu0.9) ...
    yandex.test: Setting up libperl5.22:amd64 (5.22.1-9ubuntu0.9) ...
    yandex.test: Setting up perl (5.22.1-9ubuntu0.9) ...
    yandex.test: update-alternatives: using /usr/bin/prename to provide /usr/bin/rename (rename) in auto mode
    yandex.test: Setting up rsync (3.1.1-3ubuntu1.3) ...
    yandex.test: Setting up dialog (1.3-20160209-1) ...
    yandex.test: Setting up liberror-perl (0.17-1.2) ...
    yandex.test: Setting up git-man (1:2.7.4-0ubuntu1.10) ...
    yandex.test: Setting up git (1:2.7.4-0ubuntu1.10) ...
    yandex.test: Setting up patch (2.7.5-1ubuntu0.16.04.2) ...
    yandex.test: Setting up rename (0.20-4) ...
    yandex.test: update-alternatives: using /usr/bin/file-rename to provide /usr/bin/rename (rename) in auto mode
    yandex.test: Setting up dos2unix (6.0.4-1) ...
    yandex.test: Processing triggers for libc-bin (2.23-0ubuntu11.3) ...
    yandex.test: Processing triggers for systemd (229-4ubuntu21.31) ...
    yandex.test: Processing triggers for ureadahead (0.100.0-19.1) ...
==> yandex.test:
==> yandex.test: WARNING: apt does not have a stable CLI interface. Use with caution in scripts.
==> yandex.test:
    yandex.test: Reading package lists...
    yandex.test: Building dependency tree...
    yandex.test: Reading state information...
    yandex.test: Calculating upgrade...
    yandex.test: The following NEW packages will be installed:
    yandex.test:   distro-info libzstd1 linux-headers-4.4.0-210 linux-headers-4.4.0-210-generic
    yandex.test:   linux-image-4.4.0-210-generic linux-modules-4.4.0-210-generic
    yandex.test:   linux-modules-extra-4.4.0-210-generic
    yandex.test: The following packages will be upgraded:
    yandex.test:   apt apt-utils dpkg libapparmor1 libapt-pkg5.0 linux-generic
    yandex.test:   linux-headers-generic linux-image-generic ubuntu-advantage-tools
    yandex.test: 9 upgraded, 7 newly installed, 0 to remove and 0 not upgraded.
    yandex.test: Need to get 70.9 MB of archives.
    yandex.test: After this operation, 305 MB of additional disk space will be used.
    yandex.test: Get:1 http://mirror.yandex.ru/ubuntu xenial-updates/main amd64 libzstd1 amd64 1.3.1+dfsg-1~ubuntu0.16.04.1 [153 kB]
    yandex.test: Get:2 http://mirror.yandex.ru/ubuntu xenial-updates/main amd64 dpkg amd64 1.18.4ubuntu1.7 [2,084 kB]
    yandex.test: Get:3 http://mirror.yandex.ru/ubuntu xenial-updates/main amd64 libapt-pkg5.0 amd64 1.2.35 [715 kB]
    yandex.test: Get:4 http://mirror.yandex.ru/ubuntu xenial-updates/main amd64 apt amd64 1.2.35 [1,107 kB]
    yandex.test: Get:5 http://mirror.yandex.ru/ubuntu xenial-updates/main amd64 apt-utils amd64 1.2.35 [196 kB]
    yandex.test: Get:6 http://mirror.yandex.ru/ubuntu xenial-updates/main amd64 libapparmor1 amd64 2.10.95-0ubuntu2.12 [29.4 kB]
    yandex.test: Get:7 http://mirror.yandex.ru/ubuntu xenial-updates/main amd64 distro-info amd64 0.14ubuntu0.2 [20.1 kB]
    yandex.test: Get:8 http://mirror.yandex.ru/ubuntu xenial-updates/main amd64 ubuntu-advantage-tools amd64 27.14.4~16.04 [171 kB]
    yandex.test: Get:9 http://mirror.yandex.ru/ubuntu xenial-updates/main amd64 linux-modules-4.4.0-210-generic amd64 4.4.0-210.242 [12.1 MB]
    yandex.test: Get:10 http://mirror.yandex.ru/ubuntu xenial-updates/main amd64 linux-image-4.4.0-210-generic amd64 4.4.0-210.242 [6,954 kB]
    yandex.test: Get:11 http://mirror.yandex.ru/ubuntu xenial-updates/main amd64 linux-modules-extra-4.4.0-210-generic amd64 4.4.0-210.242 [36.6 MB]
    yandex.test: Get:12 http://mirror.yandex.ru/ubuntu xenial-updates/main amd64 linux-generic amd64 4.4.0.210.216 [1,784 B]
    yandex.test: Get:13 http://mirror.yandex.ru/ubuntu xenial-updates/main amd64 linux-image-generic amd64 4.4.0.210.216 [2,496 B]
    yandex.test: Get:14 http://mirror.yandex.ru/ubuntu xenial-updates/main amd64 linux-headers-4.4.0-210 all 4.4.0-210.242 [10.0 MB]
    yandex.test: Get:15 http://mirror.yandex.ru/ubuntu xenial-updates/main amd64 linux-headers-4.4.0-210-generic amd64 4.4.0-210.242 [786 kB]
    yandex.test: Get:16 http://mirror.yandex.ru/ubuntu xenial-updates/main amd64 linux-headers-generic amd64 4.4.0.210.216 [2,290 B]
    yandex.test: Preconfiguring packages ...
    yandex.test: Fetched 70.9 MB in 11s (6,187 kB/s)
    yandex.test: Selecting previously unselected package libzstd1.
    yandex.test: (Reading database ... 58974 files and directories currently installed.)
    yandex.test: Preparing to unpack .../libzstd1_1.3.1+dfsg-1~ubuntu0.16.04.1_amd64.deb ...
    yandex.test: Unpacking libzstd1 (1.3.1+dfsg-1~ubuntu0.16.04.1) ...
    yandex.test: Processing triggers for libc-bin (2.23-0ubuntu11.3) ...
    yandex.test: Setting up libzstd1 (1.3.1+dfsg-1~ubuntu0.16.04.1) ...
    yandex.test: Processing triggers for libc-bin (2.23-0ubuntu11.3) ...
    yandex.test: (Reading database ... 58979 files and directories currently installed.)
    yandex.test: Preparing to unpack .../dpkg_1.18.4ubuntu1.7_amd64.deb ...
    yandex.test: Unpacking dpkg (1.18.4ubuntu1.7) over (1.18.4ubuntu1.6) ...
    yandex.test: Setting up dpkg (1.18.4ubuntu1.7) ...
    yandex.test: (Reading database ... 58979 files and directories currently installed.)
    yandex.test: Preparing to unpack .../libapt-pkg5.0_1.2.35_amd64.deb ...
    yandex.test: Unpacking libapt-pkg5.0:amd64 (1.2.35) over (1.2.32) ...
    yandex.test: Processing triggers for libc-bin (2.23-0ubuntu11.3) ...
    yandex.test: Setting up libapt-pkg5.0:amd64 (1.2.35) ...
    yandex.test: Processing triggers for libc-bin (2.23-0ubuntu11.3) ...
    yandex.test: (Reading database ... 58979 files and directories currently installed.)
    yandex.test: Preparing to unpack .../archives/apt_1.2.35_amd64.deb ...
    yandex.test: Unpacking apt (1.2.35) over (1.2.32) ...
    yandex.test: Processing triggers for libc-bin (2.23-0ubuntu11.3) ...
    yandex.test: Setting up apt (1.2.35) ...
    yandex.test: Processing triggers for libc-bin (2.23-0ubuntu11.3) ...
    yandex.test: (Reading database ... 58979 files and directories currently installed.)
    yandex.test: Preparing to unpack .../apt-utils_1.2.35_amd64.deb ...
    yandex.test: Unpacking apt-utils (1.2.35) over (1.2.32) ...
    yandex.test: Preparing to unpack .../libapparmor1_2.10.95-0ubuntu2.12_amd64.deb ...
    yandex.test: Unpacking libapparmor1:amd64 (2.10.95-0ubuntu2.12) over (2.10.95-0ubuntu2.11) ...
    yandex.test: Processing triggers for libc-bin (2.23-0ubuntu11.3) ...
    yandex.test: Setting up libapparmor1:amd64 (2.10.95-0ubuntu2.12) ...
    yandex.test: Processing triggers for libc-bin (2.23-0ubuntu11.3) ...
    yandex.test: Selecting previously unselected package distro-info.
    yandex.test: (Reading database ... 58979 files and directories currently installed.)
    yandex.test: Preparing to unpack .../distro-info_0.14ubuntu0.2_amd64.deb ...
    yandex.test: Unpacking distro-info (0.14ubuntu0.2) ...
    yandex.test: Preparing to unpack .../ubuntu-advantage-tools_27.14.4~16.04_amd64.deb ...
    yandex.test: Unpacking ubuntu-advantage-tools (27.14.4~16.04) over (10ubuntu0.16.04.1) ...
    yandex.test: Selecting previously unselected package linux-modules-4.4.0-210-generic.
    yandex.test: Preparing to unpack .../linux-modules-4.4.0-210-generic_4.4.0-210.242_amd64.deb ...
    yandex.test: Unpacking linux-modules-4.4.0-210-generic (4.4.0-210.242) ...
    yandex.test: Selecting previously unselected package linux-image-4.4.0-210-generic.
    yandex.test: Preparing to unpack .../linux-image-4.4.0-210-generic_4.4.0-210.242_amd64.deb ...
    yandex.test: Unpacking linux-image-4.4.0-210-generic (4.4.0-210.242) ...
    yandex.test: Selecting previously unselected package linux-modules-extra-4.4.0-210-generic.
    yandex.test: Preparing to unpack .../linux-modules-extra-4.4.0-210-generic_4.4.0-210.242_amd64.deb ...
    yandex.test: Unpacking linux-modules-extra-4.4.0-210-generic (4.4.0-210.242) ...
    yandex.test: Preparing to unpack .../linux-generic_4.4.0.210.216_amd64.deb ...
    yandex.test: Unpacking linux-generic (4.4.0.210.216) over (4.4.0.142.148) ...
    yandex.test: Preparing to unpack .../linux-image-generic_4.4.0.210.216_amd64.deb ...
    yandex.test: Unpacking linux-image-generic (4.4.0.210.216) over (4.4.0.142.148) ...
    yandex.test: Selecting previously unselected package linux-headers-4.4.0-210.
    yandex.test: Preparing to unpack .../linux-headers-4.4.0-210_4.4.0-210.242_all.deb ...
    yandex.test: Unpacking linux-headers-4.4.0-210 (4.4.0-210.242) ...
    yandex.test: Selecting previously unselected package linux-headers-4.4.0-210-generic.
    yandex.test: Preparing to unpack .../linux-headers-4.4.0-210-generic_4.4.0-210.242_amd64.deb ...
    yandex.test: Unpacking linux-headers-4.4.0-210-generic (4.4.0-210.242) ...
    yandex.test: Preparing to unpack .../linux-headers-generic_4.4.0.210.216_amd64.deb ...
    yandex.test: Unpacking linux-headers-generic (4.4.0.210.216) over (4.4.0.142.148) ...
    yandex.test: Setting up apt-utils (1.2.35) ...
    yandex.test: Setting up distro-info (0.14ubuntu0.2) ...
    yandex.test: Setting up ubuntu-advantage-tools (27.14.4~16.04) ...
    yandex.test: Created symlink /run/cloud-init/cloud-id -> /run/cloud-init/cloud-id-ec2.
    yandex.test: Removing obsolete conffile /etc/update-motd.d/99-esm ...
    yandex.test: Setting up linux-modules-4.4.0-210-generic (4.4.0-210.242) ...
    yandex.test: Setting up linux-image-4.4.0-210-generic (4.4.0-210.242) ...
    yandex.test: I: /vmlinuz.old is now a symlink to boot/vmlinuz-4.4.0-142-generic
    yandex.test: I: /initrd.img.old is now a symlink to boot/initrd.img-4.4.0-142-generic
    yandex.test: I: /vmlinuz is now a symlink to boot/vmlinuz-4.4.0-210-generic
    yandex.test: I: /initrd.img is now a symlink to boot/initrd.img-4.4.0-210-generic
    yandex.test: Setting up linux-modules-extra-4.4.0-210-generic (4.4.0-210.242) ...
    yandex.test: Setting up linux-image-generic (4.4.0.210.216) ...
    yandex.test: Setting up linux-headers-4.4.0-210 (4.4.0-210.242) ...
    yandex.test: Setting up linux-headers-4.4.0-210-generic (4.4.0-210.242) ...
    yandex.test: Setting up linux-headers-generic (4.4.0.210.216) ...
    yandex.test: Setting up linux-generic (4.4.0.210.216) ...
    yandex.test: Processing triggers for linux-image-4.4.0-210-generic (4.4.0-210.242) ...
    yandex.test: /etc/kernel/postinst.d/initramfs-tools:
    yandex.test: update-initramfs: Generating /boot/initrd.img-4.4.0-210-generic
    yandex.test: /etc/kernel/postinst.d/zz-update-grub:
    yandex.test: Generating grub configuration file ...
    yandex.test: Warning: Setting GRUB_TIMEOUT to a non-zero value when GRUB_HIDDEN_TIMEOUT is set is no longer supported.
    yandex.test: Found linux image: /boot/vmlinuz-4.4.0-210-generic
    yandex.test: Found initrd image: /boot/initrd.img-4.4.0-210-generic
    yandex.test: Found linux image: /boot/vmlinuz-4.4.0-142-generic
    yandex.test: Found initrd image: /boot/initrd.img-4.4.0-142-generic
    yandex.test: done
==> yandex.test: Pausing 30s before the next provisioner...
==> yandex.test: Provisioning with shell script: scripts/install_ruby.sh
    yandex.test: Hit:1 http://mirror.yandex.ru/ubuntu xenial InRelease
    yandex.test: Hit:2 http://mirror.yandex.ru/ubuntu xenial-updates InRelease
    yandex.test: Hit:3 http://mirror.yandex.ru/ubuntu xenial-backports InRelease
    yandex.test: Hit:4 http://security.ubuntu.com/ubuntu xenial-security InRelease
    yandex.test: Reading package lists...
==> yandex.test:
==> yandex.test: WARNING: apt does not have a stable CLI interface. Use with caution in scripts.
==> yandex.test:
    yandex.test: Reading package lists...
    yandex.test: Building dependency tree...
    yandex.test: Reading state information...
    yandex.test: The following additional packages will be installed:
    yandex.test:   binutils cpp cpp-5 dpkg-dev fakeroot fontconfig-config fonts-dejavu-core
    yandex.test:   fonts-lato g++ g++-5 gcc gcc-5 javascript-common libalgorithm-diff-perl
    yandex.test:   libalgorithm-diff-xs-perl libalgorithm-merge-perl libasan2 libatomic1
    yandex.test:   libc-dev-bin libc6-dev libcc1-0 libcilkrts5 libdpkg-perl libfakeroot
    yandex.test:   libfile-fcntllock-perl libfontconfig1 libgcc-5-dev libgmp-dev libgmpxx4ldbl
    yandex.test:   libgomp1 libisl15 libitm1 libjs-jquery liblsan0 libmpc3 libmpfr4 libmpx0
    yandex.test:   libquadmath0 libruby2.3 libstdc++-5-dev libtcl8.6 libtcltk-ruby libtk8.6
    yandex.test:   libtsan0 libubsan0 libxft2 libxrender1 libxss1 linux-libc-dev make manpages
    yandex.test:   manpages-dev rake ri ruby ruby-dev ruby-did-you-mean ruby-minitest
    yandex.test:   ruby-molinillo ruby-net-http-persistent ruby-net-telnet ruby-power-assert
    yandex.test:   ruby-test-unit ruby-thor ruby2.3 ruby2.3-dev ruby2.3-doc ruby2.3-tcltk
    yandex.test:   rubygems-integration unzip x11-common zip
    yandex.test: Suggested packages:
    yandex.test:   binutils-doc cpp-doc gcc-5-locales debian-keyring g++-multilib
    yandex.test:   g++-5-multilib gcc-5-doc libstdc++6-5-dbg gcc-multilib autoconf automake
    yandex.test:   libtool flex bison gdb gcc-doc gcc-5-multilib libgcc1-dbg libgomp1-dbg
    yandex.test:   libitm1-dbg libatomic1-dbg libasan2-dbg liblsan0-dbg libtsan0-dbg
    yandex.test:   libubsan0-dbg libcilkrts5-dbg libmpx0-dbg libquadmath0-dbg apache2
    yandex.test:   | lighttpd | httpd glibc-doc gmp-doc libgmp10-doc libmpfr-dev
    yandex.test:   libstdc++-5-doc tcl8.6 tk8.6 make-doc man-browser bundler
    yandex.test: The following NEW packages will be installed:
    yandex.test:   binutils build-essential cpp cpp-5 dpkg-dev fakeroot fontconfig-config
    yandex.test:   fonts-dejavu-core fonts-lato g++ g++-5 gcc gcc-5 javascript-common
    yandex.test:   libalgorithm-diff-perl libalgorithm-diff-xs-perl libalgorithm-merge-perl
    yandex.test:   libasan2 libatomic1 libc-dev-bin libc6-dev libcc1-0 libcilkrts5 libdpkg-perl
    yandex.test:   libfakeroot libfile-fcntllock-perl libfontconfig1 libgcc-5-dev libgmp-dev
    yandex.test:   libgmpxx4ldbl libgomp1 libisl15 libitm1 libjs-jquery liblsan0 libmpc3
    yandex.test:   libmpfr4 libmpx0 libquadmath0 libruby2.3 libstdc++-5-dev libtcl8.6
    yandex.test:   libtcltk-ruby libtk8.6 libtsan0 libubsan0 libxft2 libxrender1 libxss1
    yandex.test:   linux-libc-dev make manpages manpages-dev rake ri ruby ruby-bundler ruby-dev
    yandex.test:   ruby-did-you-mean ruby-full ruby-minitest ruby-molinillo
    yandex.test:   ruby-net-http-persistent ruby-net-telnet ruby-power-assert ruby-test-unit
    yandex.test:   ruby-thor ruby2.3 ruby2.3-dev ruby2.3-doc ruby2.3-tcltk rubygems-integration
    yandex.test:   unzip x11-common zip
    yandex.test: 0 upgraded, 75 newly installed, 0 to remove and 0 not upgraded.
    yandex.test: Need to get 54.4 MB of archives.
    yandex.test: After this operation, 223 MB of additional disk space will be used.
    yandex.test: Get:1 http://mirror.yandex.ru/ubuntu xenial/main amd64 fonts-lato all 2.0-1 [2,693 kB]
    yandex.test: Get:2 http://mirror.yandex.ru/ubuntu xenial/main amd64 fonts-dejavu-core all 2.35-1 [1,039 kB]
    yandex.test: Get:3 http://mirror.yandex.ru/ubuntu xenial-updates/main amd64 fontconfig-config all 2.11.94-0ubuntu1.1 [49.9 kB]
    yandex.test: Get:4 http://mirror.yandex.ru/ubuntu xenial-updates/main amd64 libfontconfig1 amd64 2.11.94-0ubuntu1.1 [131 kB]
    yandex.test: Get:5 http://mirror.yandex.ru/ubuntu xenial/main amd64 libxrender1 amd64 1:0.9.9-0ubuntu1 [18.5 kB]
    yandex.test: Get:6 http://mirror.yandex.ru/ubuntu xenial/main amd64 libxft2 amd64 2.3.2-1 [36.1 kB]
    yandex.test: Get:7 http://mirror.yandex.ru/ubuntu xenial-updates/main amd64 x11-common all 1:7.7+13ubuntu3.1 [22.9 kB]
    yandex.test: Get:8 http://mirror.yandex.ru/ubuntu xenial/main amd64 libxss1 amd64 1:1.2.2-1 [8,582 B]
    yandex.test: Get:9 http://mirror.yandex.ru/ubuntu xenial/main amd64 libmpfr4 amd64 3.1.4-1 [191 kB]
    yandex.test: Get:10 http://mirror.yandex.ru/ubuntu xenial/main amd64 libmpc3 amd64 1.0.3-1 [39.7 kB]
    yandex.test: Get:11 http://mirror.yandex.ru/ubuntu xenial/main amd64 manpages all 4.04-2 [1,087 kB]
    yandex.test: Get:12 http://mirror.yandex.ru/ubuntu xenial-updates/main amd64 binutils amd64 2.26.1-1ubuntu1~16.04.8 [2,312 kB]
    yandex.test: Get:13 http://mirror.yandex.ru/ubuntu xenial-updates/main amd64 libc-dev-bin amd64 2.23-0ubuntu11.3 [68.6 kB]
    yandex.test: Get:14 http://mirror.yandex.ru/ubuntu xenial-updates/main amd64 linux-libc-dev amd64 4.4.0-210.242 [832 kB]
    yandex.test: Get:15 http://mirror.yandex.ru/ubuntu xenial-updates/main amd64 libc6-dev amd64 2.23-0ubuntu11.3 [2,083 kB]
    yandex.test: Get:16 http://mirror.yandex.ru/ubuntu xenial/main amd64 libisl15 amd64 0.16.1-1 [524 kB]
    yandex.test: Get:17 http://mirror.yandex.ru/ubuntu xenial-updates/main amd64 cpp-5 amd64 5.4.0-6ubuntu1~16.04.12 [7,783 kB]
    yandex.test: Get:18 http://mirror.yandex.ru/ubuntu xenial/main amd64 cpp amd64 4:5.3.1-1ubuntu1 [27.7 kB]
    yandex.test: Get:19 http://mirror.yandex.ru/ubuntu xenial-updates/main amd64 libcc1-0 amd64 5.4.0-6ubuntu1~16.04.12 [38.8 kB]
    yandex.test: Get:20 http://mirror.yandex.ru/ubuntu xenial-updates/main amd64 libgomp1 amd64 5.4.0-6ubuntu1~16.04.12 [55.2 kB]
    yandex.test: Get:21 http://mirror.yandex.ru/ubuntu xenial-updates/main amd64 libitm1 amd64 5.4.0-6ubuntu1~16.04.12 [27.4 kB]
    yandex.test: Get:22 http://mirror.yandex.ru/ubuntu xenial-updates/main amd64 libatomic1 amd64 5.4.0-6ubuntu1~16.04.12 [8,892 B]
    yandex.test: Get:23 http://mirror.yandex.ru/ubuntu xenial-updates/main amd64 libasan2 amd64 5.4.0-6ubuntu1~16.04.12 [265 kB]
    yandex.test: Get:24 http://mirror.yandex.ru/ubuntu xenial-updates/main amd64 liblsan0 amd64 5.4.0-6ubuntu1~16.04.12 [105 kB]
    yandex.test: Get:25 http://mirror.yandex.ru/ubuntu xenial-updates/main amd64 libtsan0 amd64 5.4.0-6ubuntu1~16.04.12 [244 kB]
    yandex.test: Get:26 http://mirror.yandex.ru/ubuntu xenial-updates/main amd64 libubsan0 amd64 5.4.0-6ubuntu1~16.04.12 [95.3 kB]
    yandex.test: Get:27 http://mirror.yandex.ru/ubuntu xenial-updates/main amd64 libcilkrts5 amd64 5.4.0-6ubuntu1~16.04.12 [40.0 kB]
    yandex.test: Get:28 http://mirror.yandex.ru/ubuntu xenial-updates/main amd64 libmpx0 amd64 5.4.0-6ubuntu1~16.04.12 [9,762 B]
    yandex.test: Get:29 http://mirror.yandex.ru/ubuntu xenial-updates/main amd64 libquadmath0 amd64 5.4.0-6ubuntu1~16.04.12 [131 kB]
    yandex.test: Get:30 http://mirror.yandex.ru/ubuntu xenial-updates/main amd64 libgcc-5-dev amd64 5.4.0-6ubuntu1~16.04.12 [2,239 kB]
    yandex.test: Get:31 http://mirror.yandex.ru/ubuntu xenial-updates/main amd64 gcc-5 amd64 5.4.0-6ubuntu1~16.04.12 [8,612 kB]
    yandex.test: Get:32 http://mirror.yandex.ru/ubuntu xenial/main amd64 gcc amd64 4:5.3.1-1ubuntu1 [5,244 B]
    yandex.test: Get:33 http://mirror.yandex.ru/ubuntu xenial-updates/main amd64 libstdc++-5-dev amd64 5.4.0-6ubuntu1~16.04.12 [1,428 kB]
    yandex.test: Get:34 http://mirror.yandex.ru/ubuntu xenial-updates/main amd64 g++-5 amd64 5.4.0-6ubuntu1~16.04.12 [8,430 kB]
    yandex.test: Get:35 http://mirror.yandex.ru/ubuntu xenial/main amd64 g++ amd64 4:5.3.1-1ubuntu1 [1,504 B]
    yandex.test: Get:36 http://mirror.yandex.ru/ubuntu xenial/main amd64 make amd64 4.1-6 [151 kB]
    yandex.test: Get:37 http://mirror.yandex.ru/ubuntu xenial-updates/main amd64 libdpkg-perl all 1.18.4ubuntu1.7 [195 kB]
    yandex.test: Get:38 http://mirror.yandex.ru/ubuntu xenial-updates/main amd64 dpkg-dev all 1.18.4ubuntu1.7 [584 kB]
    yandex.test: Get:39 http://mirror.yandex.ru/ubuntu xenial/main amd64 build-essential amd64 12.1ubuntu2 [4,758 B]
    yandex.test: Get:40 http://mirror.yandex.ru/ubuntu xenial/main amd64 libfakeroot amd64 1.20.2-1ubuntu1 [25.5 kB]
    yandex.test: Get:41 http://mirror.yandex.ru/ubuntu xenial/main amd64 fakeroot amd64 1.20.2-1ubuntu1 [61.8 kB]
    yandex.test: Get:42 http://mirror.yandex.ru/ubuntu xenial/main amd64 javascript-common all 11 [6,066 B]
    yandex.test: Get:43 http://mirror.yandex.ru/ubuntu xenial/main amd64 libalgorithm-diff-perl all 1.19.03-1 [47.6 kB]
    yandex.test: Get:44 http://mirror.yandex.ru/ubuntu xenial/main amd64 libalgorithm-diff-xs-perl amd64 0.04-4build1 [11.0 kB]
    yandex.test: Get:45 http://mirror.yandex.ru/ubuntu xenial/main amd64 libalgorithm-merge-perl all 0.08-3 [12.0 kB]
    yandex.test: Get:46 http://mirror.yandex.ru/ubuntu xenial/main amd64 libfile-fcntllock-perl amd64 0.22-3 [32.0 kB]
    yandex.test: Get:47 http://mirror.yandex.ru/ubuntu xenial/main amd64 libgmpxx4ldbl amd64 2:6.1.0+dfsg-2 [8,948 B]
    yandex.test: Get:48 http://mirror.yandex.ru/ubuntu xenial/main amd64 libgmp-dev amd64 2:6.1.0+dfsg-2 [314 kB]
    yandex.test: Get:49 http://mirror.yandex.ru/ubuntu xenial/main amd64 libjs-jquery all 1.11.3+dfsg-4 [161 kB]
    yandex.test: Get:50 http://mirror.yandex.ru/ubuntu xenial/main amd64 libtcl8.6 amd64 8.6.5+dfsg-2 [875 kB]
    yandex.test: Get:51 http://mirror.yandex.ru/ubuntu xenial/main amd64 rubygems-integration all 1.10 [4,966 B]
    yandex.test: Get:52 http://mirror.yandex.ru/ubuntu xenial-updates/main amd64 ruby2.3 amd64 2.3.1-2~ubuntu16.04.16 [41.0 kB]
    yandex.test: Get:53 http://mirror.yandex.ru/ubuntu xenial/main amd64 ruby all 1:2.3.0+1 [5,530 B]
    yandex.test: Get:54 http://mirror.yandex.ru/ubuntu xenial-updates/main amd64 rake all 10.5.0-2ubuntu0.1 [48.1 kB]
    yandex.test: Get:55 http://mirror.yandex.ru/ubuntu xenial/main amd64 ruby-did-you-mean all 1.0.0-2 [8,390 B]
    yandex.test: Get:56 http://mirror.yandex.ru/ubuntu xenial/main amd64 ruby-minitest all 5.8.4-2 [36.6 kB]
    yandex.test: Get:57 http://mirror.yandex.ru/ubuntu xenial/main amd64 ruby-net-telnet all 0.1.1-2 [12.6 kB]
    yandex.test: Get:58 http://mirror.yandex.ru/ubuntu xenial/main amd64 ruby-power-assert all 0.2.7-1 [7,668 B]
    yandex.test: Get:59 http://mirror.yandex.ru/ubuntu xenial/main amd64 ruby-test-unit all 3.1.7-2 [60.3 kB]
    yandex.test: Get:60 http://mirror.yandex.ru/ubuntu xenial-updates/main amd64 libruby2.3 amd64 2.3.1-2~ubuntu16.04.16 [2,969 kB]
    yandex.test: Get:61 http://mirror.yandex.ru/ubuntu xenial/main amd64 libtk8.6 amd64 8.6.5-1 [693 kB]
    yandex.test: Get:62 http://mirror.yandex.ru/ubuntu xenial-updates/universe amd64 ruby2.3-tcltk amd64 2.3.1-2~ubuntu16.04.16 [276 kB]
    yandex.test: Get:63 http://mirror.yandex.ru/ubuntu xenial/universe amd64 libtcltk-ruby all 1:2.3.0+1 [4,138 B]
    yandex.test: Get:64 http://mirror.yandex.ru/ubuntu xenial/main amd64 manpages-dev all 4.04-2 [2,048 kB]
    yandex.test: Get:65 http://mirror.yandex.ru/ubuntu xenial-updates/main amd64 ruby2.3-doc all 2.3.1-2~ubuntu16.04.16 [3,408 kB]
    yandex.test: Get:66 http://mirror.yandex.ru/ubuntu xenial/universe amd64 ri all 1:2.3.0+1 [4,274 B]
    yandex.test: Get:67 http://mirror.yandex.ru/ubuntu xenial/universe amd64 ruby-molinillo all 0.4.3-1 [12.1 kB]
    yandex.test: Get:68 http://mirror.yandex.ru/ubuntu xenial/universe amd64 ruby-net-http-persistent all 2.9.4-1 [15.9 kB]
    yandex.test: Get:69 http://mirror.yandex.ru/ubuntu xenial/universe amd64 ruby-thor all 0.19.1-2 [43.7 kB]
    yandex.test: Get:70 http://mirror.yandex.ru/ubuntu xenial/universe amd64 ruby-bundler all 1.11.2-1 [122 kB]
    yandex.test: Get:71 http://mirror.yandex.ru/ubuntu xenial-updates/main amd64 ruby2.3-dev amd64 2.3.1-2~ubuntu16.04.16 [1,034 kB]
    yandex.test: Get:72 http://mirror.yandex.ru/ubuntu xenial/main amd64 ruby-dev amd64 1:2.3.0+1 [4,408 B]
    yandex.test: Get:73 http://mirror.yandex.ru/ubuntu xenial/universe amd64 ruby-full all 1:2.3.0+1 [2,558 B]
    yandex.test: Get:74 http://mirror.yandex.ru/ubuntu xenial-updates/main amd64 unzip amd64 6.0-20ubuntu1.1 [162 kB]
    yandex.test: Get:75 http://mirror.yandex.ru/ubuntu xenial/main amd64 zip amd64 3.0-11 [158 kB]
==> yandex.test: Extracting templates from packages: 100%
    yandex.test: Fetched 54.4 MB in 4s (12.7 MB/s)
    yandex.test: Selecting previously unselected package fonts-lato.
    yandex.test: (Reading database ... 91619 files and directories currently installed.)
    yandex.test: Preparing to unpack .../fonts-lato_2.0-1_all.deb ...
    yandex.test: Unpacking fonts-lato (2.0-1) ...
    yandex.test: Selecting previously unselected package fonts-dejavu-core.
    yandex.test: Preparing to unpack .../fonts-dejavu-core_2.35-1_all.deb ...
    yandex.test: Unpacking fonts-dejavu-core (2.35-1) ...
    yandex.test: Selecting previously unselected package fontconfig-config.
    yandex.test: Preparing to unpack .../fontconfig-config_2.11.94-0ubuntu1.1_all.deb ...
    yandex.test: Unpacking fontconfig-config (2.11.94-0ubuntu1.1) ...
    yandex.test: Selecting previously unselected package libfontconfig1:amd64.
    yandex.test: Preparing to unpack .../libfontconfig1_2.11.94-0ubuntu1.1_amd64.deb ...
    yandex.test: Unpacking libfontconfig1:amd64 (2.11.94-0ubuntu1.1) ...
    yandex.test: Selecting previously unselected package libxrender1:amd64.
    yandex.test: Preparing to unpack .../libxrender1_1%3a0.9.9-0ubuntu1_amd64.deb ...
    yandex.test: Unpacking libxrender1:amd64 (1:0.9.9-0ubuntu1) ...
    yandex.test: Selecting previously unselected package libxft2:amd64.
    yandex.test: Preparing to unpack .../libxft2_2.3.2-1_amd64.deb ...
    yandex.test: Unpacking libxft2:amd64 (2.3.2-1) ...
    yandex.test: Selecting previously unselected package x11-common.
    yandex.test: Preparing to unpack .../x11-common_1%3a7.7+13ubuntu3.1_all.deb ...
    yandex.test: dpkg-query: no packages found matching nux-tools
    yandex.test: Unpacking x11-common (1:7.7+13ubuntu3.1) ...
    yandex.test: Selecting previously unselected package libxss1:amd64.
    yandex.test: Preparing to unpack .../libxss1_1%3a1.2.2-1_amd64.deb ...
    yandex.test: Unpacking libxss1:amd64 (1:1.2.2-1) ...
    yandex.test: Selecting previously unselected package libmpfr4:amd64.
    yandex.test: Preparing to unpack .../libmpfr4_3.1.4-1_amd64.deb ...
    yandex.test: Unpacking libmpfr4:amd64 (3.1.4-1) ...
    yandex.test: Selecting previously unselected package libmpc3:amd64.
    yandex.test: Preparing to unpack .../libmpc3_1.0.3-1_amd64.deb ...
    yandex.test: Unpacking libmpc3:amd64 (1.0.3-1) ...
    yandex.test: Selecting previously unselected package manpages.
    yandex.test: Preparing to unpack .../manpages_4.04-2_all.deb ...
    yandex.test: Unpacking manpages (4.04-2) ...
    yandex.test: Selecting previously unselected package binutils.
    yandex.test: Preparing to unpack .../binutils_2.26.1-1ubuntu1~16.04.8_amd64.deb ...
    yandex.test: Unpacking binutils (2.26.1-1ubuntu1~16.04.8) ...
    yandex.test: Selecting previously unselected package libc-dev-bin.
    yandex.test: Preparing to unpack .../libc-dev-bin_2.23-0ubuntu11.3_amd64.deb ...
    yandex.test: Unpacking libc-dev-bin (2.23-0ubuntu11.3) ...
    yandex.test: Selecting previously unselected package linux-libc-dev:amd64.
    yandex.test: Preparing to unpack .../linux-libc-dev_4.4.0-210.242_amd64.deb ...
    yandex.test: Unpacking linux-libc-dev:amd64 (4.4.0-210.242) ...
    yandex.test: Selecting previously unselected package libc6-dev:amd64.
    yandex.test: Preparing to unpack .../libc6-dev_2.23-0ubuntu11.3_amd64.deb ...
    yandex.test: Unpacking libc6-dev:amd64 (2.23-0ubuntu11.3) ...
    yandex.test: Selecting previously unselected package libisl15:amd64.
    yandex.test: Preparing to unpack .../libisl15_0.16.1-1_amd64.deb ...
    yandex.test: Unpacking libisl15:amd64 (0.16.1-1) ...
    yandex.test: Selecting previously unselected package cpp-5.
    yandex.test: Preparing to unpack .../cpp-5_5.4.0-6ubuntu1~16.04.12_amd64.deb ...
    yandex.test: Unpacking cpp-5 (5.4.0-6ubuntu1~16.04.12) ...
    yandex.test: Selecting previously unselected package cpp.
    yandex.test: Preparing to unpack .../cpp_4%3a5.3.1-1ubuntu1_amd64.deb ...
    yandex.test: Unpacking cpp (4:5.3.1-1ubuntu1) ...
    yandex.test: Selecting previously unselected package libcc1-0:amd64.
    yandex.test: Preparing to unpack .../libcc1-0_5.4.0-6ubuntu1~16.04.12_amd64.deb ...
    yandex.test: Unpacking libcc1-0:amd64 (5.4.0-6ubuntu1~16.04.12) ...
    yandex.test: Selecting previously unselected package libgomp1:amd64.
    yandex.test: Preparing to unpack .../libgomp1_5.4.0-6ubuntu1~16.04.12_amd64.deb ...
    yandex.test: Unpacking libgomp1:amd64 (5.4.0-6ubuntu1~16.04.12) ...
    yandex.test: Selecting previously unselected package libitm1:amd64.
    yandex.test: Preparing to unpack .../libitm1_5.4.0-6ubuntu1~16.04.12_amd64.deb ...
    yandex.test: Unpacking libitm1:amd64 (5.4.0-6ubuntu1~16.04.12) ...
    yandex.test: Selecting previously unselected package libatomic1:amd64.
    yandex.test: Preparing to unpack .../libatomic1_5.4.0-6ubuntu1~16.04.12_amd64.deb ...
    yandex.test: Unpacking libatomic1:amd64 (5.4.0-6ubuntu1~16.04.12) ...
    yandex.test: Selecting previously unselected package libasan2:amd64.
    yandex.test: Preparing to unpack .../libasan2_5.4.0-6ubuntu1~16.04.12_amd64.deb ...
    yandex.test: Unpacking libasan2:amd64 (5.4.0-6ubuntu1~16.04.12) ...
    yandex.test: Selecting previously unselected package liblsan0:amd64.
    yandex.test: Preparing to unpack .../liblsan0_5.4.0-6ubuntu1~16.04.12_amd64.deb ...
    yandex.test: Unpacking liblsan0:amd64 (5.4.0-6ubuntu1~16.04.12) ...
    yandex.test: Selecting previously unselected package libtsan0:amd64.
    yandex.test: Preparing to unpack .../libtsan0_5.4.0-6ubuntu1~16.04.12_amd64.deb ...
    yandex.test: Unpacking libtsan0:amd64 (5.4.0-6ubuntu1~16.04.12) ...
    yandex.test: Selecting previously unselected package libubsan0:amd64.
    yandex.test: Preparing to unpack .../libubsan0_5.4.0-6ubuntu1~16.04.12_amd64.deb ...
    yandex.test: Unpacking libubsan0:amd64 (5.4.0-6ubuntu1~16.04.12) ...
    yandex.test: Selecting previously unselected package libcilkrts5:amd64.
    yandex.test: Preparing to unpack .../libcilkrts5_5.4.0-6ubuntu1~16.04.12_amd64.deb ...
    yandex.test: Unpacking libcilkrts5:amd64 (5.4.0-6ubuntu1~16.04.12) ...
    yandex.test: Selecting previously unselected package libmpx0:amd64.
    yandex.test: Preparing to unpack .../libmpx0_5.4.0-6ubuntu1~16.04.12_amd64.deb ...
    yandex.test: Unpacking libmpx0:amd64 (5.4.0-6ubuntu1~16.04.12) ...
    yandex.test: Selecting previously unselected package libquadmath0:amd64.
    yandex.test: Preparing to unpack .../libquadmath0_5.4.0-6ubuntu1~16.04.12_amd64.deb ...
    yandex.test: Unpacking libquadmath0:amd64 (5.4.0-6ubuntu1~16.04.12) ...
    yandex.test: Selecting previously unselected package libgcc-5-dev:amd64.
    yandex.test: Preparing to unpack .../libgcc-5-dev_5.4.0-6ubuntu1~16.04.12_amd64.deb ...
    yandex.test: Unpacking libgcc-5-dev:amd64 (5.4.0-6ubuntu1~16.04.12) ...
    yandex.test: Selecting previously unselected package gcc-5.
    yandex.test: Preparing to unpack .../gcc-5_5.4.0-6ubuntu1~16.04.12_amd64.deb ...
    yandex.test: Unpacking gcc-5 (5.4.0-6ubuntu1~16.04.12) ...
    yandex.test: Selecting previously unselected package gcc.
    yandex.test: Preparing to unpack .../gcc_4%3a5.3.1-1ubuntu1_amd64.deb ...
    yandex.test: Unpacking gcc (4:5.3.1-1ubuntu1) ...
    yandex.test: Selecting previously unselected package libstdc++-5-dev:amd64.
    yandex.test: Preparing to unpack .../libstdc++-5-dev_5.4.0-6ubuntu1~16.04.12_amd64.deb ...
    yandex.test: Unpacking libstdc++-5-dev:amd64 (5.4.0-6ubuntu1~16.04.12) ...
    yandex.test: Selecting previously unselected package g++-5.
    yandex.test: Preparing to unpack .../g++-5_5.4.0-6ubuntu1~16.04.12_amd64.deb ...
    yandex.test: Unpacking g++-5 (5.4.0-6ubuntu1~16.04.12) ...
    yandex.test: Selecting previously unselected package g++.
    yandex.test: Preparing to unpack .../g++_4%3a5.3.1-1ubuntu1_amd64.deb ...
    yandex.test: Unpacking g++ (4:5.3.1-1ubuntu1) ...
    yandex.test: Selecting previously unselected package make.
    yandex.test: Preparing to unpack .../archives/make_4.1-6_amd64.deb ...
    yandex.test: Unpacking make (4.1-6) ...
    yandex.test: Selecting previously unselected package libdpkg-perl.
    yandex.test: Preparing to unpack .../libdpkg-perl_1.18.4ubuntu1.7_all.deb ...
    yandex.test: Unpacking libdpkg-perl (1.18.4ubuntu1.7) ...
    yandex.test: Selecting previously unselected package dpkg-dev.
    yandex.test: Preparing to unpack .../dpkg-dev_1.18.4ubuntu1.7_all.deb ...
    yandex.test: Unpacking dpkg-dev (1.18.4ubuntu1.7) ...
    yandex.test: Selecting previously unselected package build-essential.
    yandex.test: Preparing to unpack .../build-essential_12.1ubuntu2_amd64.deb ...
    yandex.test: Unpacking build-essential (12.1ubuntu2) ...
    yandex.test: Selecting previously unselected package libfakeroot:amd64.
    yandex.test: Preparing to unpack .../libfakeroot_1.20.2-1ubuntu1_amd64.deb ...
    yandex.test: Unpacking libfakeroot:amd64 (1.20.2-1ubuntu1) ...
    yandex.test: Selecting previously unselected package fakeroot.
    yandex.test: Preparing to unpack .../fakeroot_1.20.2-1ubuntu1_amd64.deb ...
    yandex.test: Unpacking fakeroot (1.20.2-1ubuntu1) ...
    yandex.test: Selecting previously unselected package javascript-common.
    yandex.test: Preparing to unpack .../javascript-common_11_all.deb ...
    yandex.test: Unpacking javascript-common (11) ...
    yandex.test: Selecting previously unselected package libalgorithm-diff-perl.
    yandex.test: Preparing to unpack .../libalgorithm-diff-perl_1.19.03-1_all.deb ...
    yandex.test: Unpacking libalgorithm-diff-perl (1.19.03-1) ...
    yandex.test: Selecting previously unselected package libalgorithm-diff-xs-perl.
    yandex.test: Preparing to unpack .../libalgorithm-diff-xs-perl_0.04-4build1_amd64.deb ...
    yandex.test: Unpacking libalgorithm-diff-xs-perl (0.04-4build1) ...
    yandex.test: Selecting previously unselected package libalgorithm-merge-perl.
    yandex.test: Preparing to unpack .../libalgorithm-merge-perl_0.08-3_all.deb ...
    yandex.test: Unpacking libalgorithm-merge-perl (0.08-3) ...
    yandex.test: Selecting previously unselected package libfile-fcntllock-perl.
    yandex.test: Preparing to unpack .../libfile-fcntllock-perl_0.22-3_amd64.deb ...
    yandex.test: Unpacking libfile-fcntllock-perl (0.22-3) ...
    yandex.test: Selecting previously unselected package libgmpxx4ldbl:amd64.
    yandex.test: Preparing to unpack .../libgmpxx4ldbl_2%3a6.1.0+dfsg-2_amd64.deb ...
    yandex.test: Unpacking libgmpxx4ldbl:amd64 (2:6.1.0+dfsg-2) ...
    yandex.test: Selecting previously unselected package libgmp-dev:amd64.
    yandex.test: Preparing to unpack .../libgmp-dev_2%3a6.1.0+dfsg-2_amd64.deb ...
    yandex.test: Unpacking libgmp-dev:amd64 (2:6.1.0+dfsg-2) ...
    yandex.test: Selecting previously unselected package libjs-jquery.
    yandex.test: Preparing to unpack .../libjs-jquery_1.11.3+dfsg-4_all.deb ...
    yandex.test: Unpacking libjs-jquery (1.11.3+dfsg-4) ...
    yandex.test: Selecting previously unselected package libtcl8.6:amd64.
    yandex.test: Preparing to unpack .../libtcl8.6_8.6.5+dfsg-2_amd64.deb ...
    yandex.test: Unpacking libtcl8.6:amd64 (8.6.5+dfsg-2) ...
    yandex.test: Selecting previously unselected package rubygems-integration.
    yandex.test: Preparing to unpack .../rubygems-integration_1.10_all.deb ...
    yandex.test: Unpacking rubygems-integration (1.10) ...
    yandex.test: Selecting previously unselected package ruby2.3.
    yandex.test: Preparing to unpack .../ruby2.3_2.3.1-2~ubuntu16.04.16_amd64.deb ...
    yandex.test: Unpacking ruby2.3 (2.3.1-2~ubuntu16.04.16) ...
    yandex.test: Selecting previously unselected package ruby.
    yandex.test: Preparing to unpack .../ruby_1%3a2.3.0+1_all.deb ...
    yandex.test: Unpacking ruby (1:2.3.0+1) ...
    yandex.test: Selecting previously unselected package rake.
    yandex.test: Preparing to unpack .../rake_10.5.0-2ubuntu0.1_all.deb ...
    yandex.test: Unpacking rake (10.5.0-2ubuntu0.1) ...
    yandex.test: Selecting previously unselected package ruby-did-you-mean.
    yandex.test: Preparing to unpack .../ruby-did-you-mean_1.0.0-2_all.deb ...
    yandex.test: Unpacking ruby-did-you-mean (1.0.0-2) ...
    yandex.test: Selecting previously unselected package ruby-minitest.
    yandex.test: Preparing to unpack .../ruby-minitest_5.8.4-2_all.deb ...
    yandex.test: Unpacking ruby-minitest (5.8.4-2) ...
    yandex.test: Selecting previously unselected package ruby-net-telnet.
    yandex.test: Preparing to unpack .../ruby-net-telnet_0.1.1-2_all.deb ...
    yandex.test: Unpacking ruby-net-telnet (0.1.1-2) ...
    yandex.test: Selecting previously unselected package ruby-power-assert.
    yandex.test: Preparing to unpack .../ruby-power-assert_0.2.7-1_all.deb ...
    yandex.test: Unpacking ruby-power-assert (0.2.7-1) ...
    yandex.test: Selecting previously unselected package ruby-test-unit.
    yandex.test: Preparing to unpack .../ruby-test-unit_3.1.7-2_all.deb ...
    yandex.test: Unpacking ruby-test-unit (3.1.7-2) ...
    yandex.test: Selecting previously unselected package libruby2.3:amd64.
    yandex.test: Preparing to unpack .../libruby2.3_2.3.1-2~ubuntu16.04.16_amd64.deb ...
    yandex.test: Unpacking libruby2.3:amd64 (2.3.1-2~ubuntu16.04.16) ...
    yandex.test: Selecting previously unselected package libtk8.6:amd64.
    yandex.test: Preparing to unpack .../libtk8.6_8.6.5-1_amd64.deb ...
    yandex.test: Unpacking libtk8.6:amd64 (8.6.5-1) ...
    yandex.test: Selecting previously unselected package ruby2.3-tcltk.
    yandex.test: Preparing to unpack .../ruby2.3-tcltk_2.3.1-2~ubuntu16.04.16_amd64.deb ...
    yandex.test: Unpacking ruby2.3-tcltk (2.3.1-2~ubuntu16.04.16) ...
    yandex.test: Selecting previously unselected package libtcltk-ruby.
    yandex.test: Preparing to unpack .../libtcltk-ruby_1%3a2.3.0+1_all.deb ...
    yandex.test: Unpacking libtcltk-ruby (1:2.3.0+1) ...
    yandex.test: Selecting previously unselected package manpages-dev.
    yandex.test: Preparing to unpack .../manpages-dev_4.04-2_all.deb ...
    yandex.test: Unpacking manpages-dev (4.04-2) ...
    yandex.test: Selecting previously unselected package ruby2.3-doc.
    yandex.test: Preparing to unpack .../ruby2.3-doc_2.3.1-2~ubuntu16.04.16_all.deb ...
    yandex.test: Unpacking ruby2.3-doc (2.3.1-2~ubuntu16.04.16) ...
    yandex.test: Selecting previously unselected package ri.
    yandex.test: Preparing to unpack .../ri_1%3a2.3.0+1_all.deb ...
    yandex.test: Unpacking ri (1:2.3.0+1) ...
    yandex.test: Selecting previously unselected package ruby-molinillo.
    yandex.test: Preparing to unpack .../ruby-molinillo_0.4.3-1_all.deb ...
    yandex.test: Unpacking ruby-molinillo (0.4.3-1) ...
    yandex.test: Selecting previously unselected package ruby-net-http-persistent.
    yandex.test: Preparing to unpack .../ruby-net-http-persistent_2.9.4-1_all.deb ...
    yandex.test: Unpacking ruby-net-http-persistent (2.9.4-1) ...
    yandex.test: Selecting previously unselected package ruby-thor.
    yandex.test: Preparing to unpack .../ruby-thor_0.19.1-2_all.deb ...
    yandex.test: Unpacking ruby-thor (0.19.1-2) ...
    yandex.test: Selecting previously unselected package ruby-bundler.
    yandex.test: Preparing to unpack .../ruby-bundler_1.11.2-1_all.deb ...
    yandex.test: Unpacking ruby-bundler (1.11.2-1) ...
    yandex.test: Selecting previously unselected package ruby2.3-dev:amd64.
    yandex.test: Preparing to unpack .../ruby2.3-dev_2.3.1-2~ubuntu16.04.16_amd64.deb ...
    yandex.test: Unpacking ruby2.3-dev:amd64 (2.3.1-2~ubuntu16.04.16) ...
    yandex.test: Selecting previously unselected package ruby-dev:amd64.
    yandex.test: Preparing to unpack .../ruby-dev_1%3a2.3.0+1_amd64.deb ...
    yandex.test: Unpacking ruby-dev:amd64 (1:2.3.0+1) ...
    yandex.test: Selecting previously unselected package ruby-full.
    yandex.test: Preparing to unpack .../ruby-full_1%3a2.3.0+1_all.deb ...
    yandex.test: Unpacking ruby-full (1:2.3.0+1) ...
    yandex.test: Selecting previously unselected package unzip.
    yandex.test: Preparing to unpack .../unzip_6.0-20ubuntu1.1_amd64.deb ...
    yandex.test: Unpacking unzip (6.0-20ubuntu1.1) ...
    yandex.test: Selecting previously unselected package zip.
    yandex.test: Preparing to unpack .../archives/zip_3.0-11_amd64.deb ...
    yandex.test: Unpacking zip (3.0-11) ...
    yandex.test: Processing triggers for libc-bin (2.23-0ubuntu11.3) ...
    yandex.test: Processing triggers for systemd (229-4ubuntu21.31) ...
    yandex.test: Processing triggers for ureadahead (0.100.0-19.1) ...
    yandex.test: Processing triggers for mime-support (3.59ubuntu1) ...
    yandex.test: Setting up fonts-lato (2.0-1) ...
    yandex.test: Setting up fonts-dejavu-core (2.35-1) ...
    yandex.test: Setting up fontconfig-config (2.11.94-0ubuntu1.1) ...
    yandex.test: Setting up libfontconfig1:amd64 (2.11.94-0ubuntu1.1) ...
    yandex.test: Setting up libxrender1:amd64 (1:0.9.9-0ubuntu1) ...
    yandex.test: Setting up libxft2:amd64 (2.3.2-1) ...
    yandex.test: Setting up x11-common (1:7.7+13ubuntu3.1) ...
    yandex.test: update-rc.d: warning: start and stop actions are no longer supported; falling back to defaults
    yandex.test: Setting up libxss1:amd64 (1:1.2.2-1) ...
    yandex.test: Setting up libmpfr4:amd64 (3.1.4-1) ...
    yandex.test: Setting up libmpc3:amd64 (1.0.3-1) ...
    yandex.test: Setting up manpages (4.04-2) ...
    yandex.test: Setting up binutils (2.26.1-1ubuntu1~16.04.8) ...
    yandex.test: Setting up libc-dev-bin (2.23-0ubuntu11.3) ...
    yandex.test: Setting up linux-libc-dev:amd64 (4.4.0-210.242) ...
    yandex.test: Setting up libc6-dev:amd64 (2.23-0ubuntu11.3) ...
    yandex.test: Setting up libisl15:amd64 (0.16.1-1) ...
    yandex.test: Setting up cpp-5 (5.4.0-6ubuntu1~16.04.12) ...
    yandex.test: Setting up cpp (4:5.3.1-1ubuntu1) ...
    yandex.test: Setting up libcc1-0:amd64 (5.4.0-6ubuntu1~16.04.12) ...
    yandex.test: Setting up libgomp1:amd64 (5.4.0-6ubuntu1~16.04.12) ...
    yandex.test: Setting up libitm1:amd64 (5.4.0-6ubuntu1~16.04.12) ...
    yandex.test: Setting up libatomic1:amd64 (5.4.0-6ubuntu1~16.04.12) ...
    yandex.test: Setting up libasan2:amd64 (5.4.0-6ubuntu1~16.04.12) ...
    yandex.test: Setting up liblsan0:amd64 (5.4.0-6ubuntu1~16.04.12) ...
    yandex.test: Setting up libtsan0:amd64 (5.4.0-6ubuntu1~16.04.12) ...
    yandex.test: Setting up libubsan0:amd64 (5.4.0-6ubuntu1~16.04.12) ...
    yandex.test: Setting up libcilkrts5:amd64 (5.4.0-6ubuntu1~16.04.12) ...
    yandex.test: Setting up libmpx0:amd64 (5.4.0-6ubuntu1~16.04.12) ...
    yandex.test: Setting up libquadmath0:amd64 (5.4.0-6ubuntu1~16.04.12) ...
    yandex.test: Setting up libgcc-5-dev:amd64 (5.4.0-6ubuntu1~16.04.12) ...
    yandex.test: Setting up gcc-5 (5.4.0-6ubuntu1~16.04.12) ...
    yandex.test: Setting up gcc (4:5.3.1-1ubuntu1) ...
    yandex.test: Setting up libstdc++-5-dev:amd64 (5.4.0-6ubuntu1~16.04.12) ...
    yandex.test: Setting up g++-5 (5.4.0-6ubuntu1~16.04.12) ...
    yandex.test: Setting up g++ (4:5.3.1-1ubuntu1) ...
    yandex.test: update-alternatives: using /usr/bin/g++ to provide /usr/bin/c++ (c++) in auto mode
    yandex.test: Setting up make (4.1-6) ...
    yandex.test: Setting up libdpkg-perl (1.18.4ubuntu1.7) ...
    yandex.test: Setting up dpkg-dev (1.18.4ubuntu1.7) ...
    yandex.test: Setting up build-essential (12.1ubuntu2) ...
    yandex.test: Setting up libfakeroot:amd64 (1.20.2-1ubuntu1) ...
    yandex.test: Setting up fakeroot (1.20.2-1ubuntu1) ...
    yandex.test: update-alternatives: using /usr/bin/fakeroot-sysv to provide /usr/bin/fakeroot (fakeroot) in auto mode
    yandex.test: Setting up javascript-common (11) ...
    yandex.test: Setting up libalgorithm-diff-perl (1.19.03-1) ...
    yandex.test: Setting up libalgorithm-diff-xs-perl (0.04-4build1) ...
    yandex.test: Setting up libalgorithm-merge-perl (0.08-3) ...
    yandex.test: Setting up libfile-fcntllock-perl (0.22-3) ...
    yandex.test: Setting up libgmpxx4ldbl:amd64 (2:6.1.0+dfsg-2) ...
    yandex.test: Setting up libgmp-dev:amd64 (2:6.1.0+dfsg-2) ...
    yandex.test: Setting up libjs-jquery (1.11.3+dfsg-4) ...
    yandex.test: Setting up libtcl8.6:amd64 (8.6.5+dfsg-2) ...
    yandex.test: Setting up rubygems-integration (1.10) ...
    yandex.test: Setting up ruby-did-you-mean (1.0.0-2) ...
    yandex.test: Setting up ruby-minitest (5.8.4-2) ...
    yandex.test: Setting up ruby-net-telnet (0.1.1-2) ...
    yandex.test: Setting up ruby-power-assert (0.2.7-1) ...
    yandex.test: Setting up ruby-test-unit (3.1.7-2) ...
    yandex.test: Setting up libtk8.6:amd64 (8.6.5-1) ...
    yandex.test: Setting up manpages-dev (4.04-2) ...
    yandex.test: Setting up ruby2.3-doc (2.3.1-2~ubuntu16.04.16) ...
    yandex.test: Setting up unzip (6.0-20ubuntu1.1) ...
    yandex.test: Setting up zip (3.0-11) ...
    yandex.test: Setting up ruby2.3 (2.3.1-2~ubuntu16.04.16) ...
    yandex.test: Setting up ruby (1:2.3.0+1) ...
    yandex.test: Setting up ri (1:2.3.0+1) ...
    yandex.test: Setting up ruby-molinillo (0.4.3-1) ...
    yandex.test: Setting up ruby-net-http-persistent (2.9.4-1) ...
    yandex.test: Setting up ruby-thor (0.19.1-2) ...
    yandex.test: Setting up ruby-bundler (1.11.2-1) ...
    yandex.test: Setting up rake (10.5.0-2ubuntu0.1) ...
    yandex.test: Setting up libruby2.3:amd64 (2.3.1-2~ubuntu16.04.16) ...
    yandex.test: Setting up ruby2.3-tcltk (2.3.1-2~ubuntu16.04.16) ...
    yandex.test: Setting up libtcltk-ruby (1:2.3.0+1) ...
    yandex.test: Setting up ruby2.3-dev:amd64 (2.3.1-2~ubuntu16.04.16) ...
    yandex.test: Setting up ruby-dev:amd64 (1:2.3.0+1) ...
    yandex.test: Setting up ruby-full (1:2.3.0+1) ...
    yandex.test: Processing triggers for libc-bin (2.23-0ubuntu11.3) ...
    yandex.test: Processing triggers for systemd (229-4ubuntu21.31) ...
    yandex.test: Processing triggers for ureadahead (0.100.0-19.1) ...
==> yandex.test: Provisioning with shell script: scripts/install_mongodb.sh
    yandex.test: OK
    yandex.test: deb http://repo.mongodb.org/apt/ubuntu xenial/mongodb-org/4.4 multiverse
    yandex.test: Hit:1 http://mirror.yandex.ru/ubuntu xenial InRelease
    yandex.test: Hit:2 http://mirror.yandex.ru/ubuntu xenial-updates InRelease
    yandex.test: Hit:3 http://security.ubuntu.com/ubuntu xenial-security InRelease
    yandex.test: Hit:4 http://mirror.yandex.ru/ubuntu xenial-backports InRelease
    yandex.test: Ign:5 http://repo.mongodb.org/apt/ubuntu xenial/mongodb-org/4.4 InRelease
    yandex.test: Get:6 http://repo.mongodb.org/apt/ubuntu xenial/mongodb-org/4.4 Release [2,134 B]
    yandex.test: Get:7 http://repo.mongodb.org/apt/ubuntu xenial/mongodb-org/4.4 Release.gpg [801 B]
    yandex.test: Get:8 http://repo.mongodb.org/apt/ubuntu xenial/mongodb-org/4.4/multiverse amd64 Packages [28.6 kB]
    yandex.test: Fetched 31.6 kB in 1s (27.2 kB/s)
    yandex.test: Reading package lists...
==> yandex.test:
==> yandex.test: WARNING: apt does not have a stable CLI interface. Use with caution in scripts.
==> yandex.test:
    yandex.test: Reading package lists...
    yandex.test: Building dependency tree...
    yandex.test: Reading state information...
    yandex.test: The following additional packages will be installed:
    yandex.test:   libcurl3 mongodb-database-tools mongodb-org-database-tools-extra
    yandex.test:   mongodb-org-mongos mongodb-org-server mongodb-org-shell mongodb-org-tools
    yandex.test: The following NEW packages will be installed:
    yandex.test:   libcurl3 mongodb-database-tools mongodb-org mongodb-org-database-tools-extra
    yandex.test:   mongodb-org-mongos mongodb-org-server mongodb-org-shell mongodb-org-tools
    yandex.test: 0 upgraded, 8 newly installed, 0 to remove and 0 not upgraded.
    yandex.test: Need to get 101 MB of archives.
    yandex.test: After this operation, 204 MB of additional disk space will be used.
    yandex.test: Get:1 http://mirror.yandex.ru/ubuntu xenial-updates/main amd64 libcurl3 amd64 7.47.0-1ubuntu2.19 [192 kB]
    yandex.test: Get:2 http://repo.mongodb.org/apt/ubuntu xenial/mongodb-org/4.4/multiverse amd64 mongodb-database-tools amd64 100.7.3 [50.7 MB]
    yandex.test: Get:3 http://repo.mongodb.org/apt/ubuntu xenial/mongodb-org/4.4/multiverse amd64 mongodb-org-shell amd64 4.4.22 [13.3 MB]
    yandex.test: Get:4 http://repo.mongodb.org/apt/ubuntu xenial/mongodb-org/4.4/multiverse amd64 mongodb-org-server amd64 4.4.22 [20.6 MB]
    yandex.test: Get:5 http://repo.mongodb.org/apt/ubuntu xenial/mongodb-org/4.4/multiverse amd64 mongodb-org-mongos amd64 4.4.22 [16.0 MB]
    yandex.test: Get:6 http://repo.mongodb.org/apt/ubuntu xenial/mongodb-org/4.4/multiverse amd64 mongodb-org-database-tools-extra amd64 4.4.22 [7,680 B]
    yandex.test: Get:7 http://repo.mongodb.org/apt/ubuntu xenial/mongodb-org/4.4/multiverse amd64 mongodb-org-tools amd64 4.4.22 [2,828 B]
    yandex.test: Get:8 http://repo.mongodb.org/apt/ubuntu xenial/mongodb-org/4.4/multiverse amd64 mongodb-org amd64 4.4.22 [3,516 B]
    yandex.test: Fetched 101 MB in 3s (31.5 MB/s)
    yandex.test: Selecting previously unselected package libcurl3:amd64.
    yandex.test: (Reading database ... 114797 files and directories currently installed.)
    yandex.test: Preparing to unpack .../libcurl3_7.47.0-1ubuntu2.19_amd64.deb ...
    yandex.test: Unpacking libcurl3:amd64 (7.47.0-1ubuntu2.19) ...
    yandex.test: Selecting previously unselected package mongodb-database-tools.
    yandex.test: Preparing to unpack .../mongodb-database-tools_100.7.3_amd64.deb ...
    yandex.test: Unpacking mongodb-database-tools (100.7.3) ...
    yandex.test: Selecting previously unselected package mongodb-org-shell.
    yandex.test: Preparing to unpack .../mongodb-org-shell_4.4.22_amd64.deb ...
    yandex.test: Unpacking mongodb-org-shell (4.4.22) ...
    yandex.test: Selecting previously unselected package mongodb-org-server.
    yandex.test: Preparing to unpack .../mongodb-org-server_4.4.22_amd64.deb ...
    yandex.test: Unpacking mongodb-org-server (4.4.22) ...
    yandex.test: Selecting previously unselected package mongodb-org-mongos.
    yandex.test: Preparing to unpack .../mongodb-org-mongos_4.4.22_amd64.deb ...
    yandex.test: Unpacking mongodb-org-mongos (4.4.22) ...
    yandex.test: Selecting previously unselected package mongodb-org-database-tools-extra.
    yandex.test: Preparing to unpack .../mongodb-org-database-tools-extra_4.4.22_amd64.deb ...
    yandex.test: Unpacking mongodb-org-database-tools-extra (4.4.22) ...
    yandex.test: Selecting previously unselected package mongodb-org-tools.
    yandex.test: Preparing to unpack .../mongodb-org-tools_4.4.22_amd64.deb ...
    yandex.test: Unpacking mongodb-org-tools (4.4.22) ...
    yandex.test: Selecting previously unselected package mongodb-org.
    yandex.test: Preparing to unpack .../mongodb-org_4.4.22_amd64.deb ...
    yandex.test: Unpacking mongodb-org (4.4.22) ...
    yandex.test: Processing triggers for libc-bin (2.23-0ubuntu11.3) ...
    yandex.test: Setting up libcurl3:amd64 (7.47.0-1ubuntu2.19) ...
    yandex.test: Setting up mongodb-database-tools (100.7.3) ...
    yandex.test: Setting up mongodb-org-shell (4.4.22) ...
    yandex.test: Setting up mongodb-org-server (4.4.22) ...
    yandex.test: Adding system user `mongodb' (UID 108) ...
    yandex.test: Adding new user `mongodb' (UID 108) with group `nogroup' ...
    yandex.test: Not creating home directory `/home/mongodb'.
    yandex.test: Adding group `mongodb' (GID 112) ...
    yandex.test: Done.
    yandex.test: Adding user `mongodb' to group `mongodb' ...
    yandex.test: Adding user mongodb to group mongodb
    yandex.test: Done.
    yandex.test: Setting up mongodb-org-mongos (4.4.22) ...
    yandex.test: Setting up mongodb-org-database-tools-extra (4.4.22) ...
    yandex.test: Setting up mongodb-org-tools (4.4.22) ...
    yandex.test: Setting up mongodb-org (4.4.22) ...
    yandex.test: Processing triggers for libc-bin (2.23-0ubuntu11.3) ...
==> yandex.test: Created symlink from /etc/systemd/system/multi-user.target.wants/mongod.service to /lib/systemd/system/mongod.service.
==> yandex.test: Stopping instance...
==> yandex.test: Deleting instance...
    yandex.test: Instance has been deleted!
==> yandex.test: Creating image: reddit-base-1688384452
==> yandex.test: Waiting for image to complete...
==> yandex.test: Success image create...
==> yandex.test: Destroying boot disk...
    yandex.test: Disk has been deleted!
Build 'yandex.test' finished after 6 minutes 50 seconds.

==> Wait completed after 6 minutes 50 seconds

==> Builds finished. The artifacts of successful builds are:
--> yandex.test: A disk image was created: reddit-base-1688384452 (id: fd8idgg4s709v05bagtm) with family name reddit-base

