[elnone@thinky] 15:32 $ packer build -var-file=packer/variables.json packer/app.json
yandex: output will be in this color.

==> yandex: Creating temporary RSA SSH key for instance...
==> yandex: Using as source image: fd87cmkcio5209nhgns0 (name: "ubuntu-16-04-lts-v20230814", family: "ubuntu-1604-lts")
==> yandex: Creating network...
==> yandex: Creating subnet in zone "ru-central1-a"...
==> yandex: Creating disk...
==> yandex: Creating instance...
==> yandex: Waiting for instance with id fhmsen5s1ekj4cgoaat5 to become active...
    yandex: Detected instance IP: 158.160.115.138
==> yandex: Using SSH communicator to connect: 158.160.115.138
==> yandex: Waiting for SSH to become available...
==> yandex: Connected to SSH!
==> yandex: Provisioning with Ansible...
    yandex: Setting up proxy adapter for Ansible....
==> yandex: Executing Ansible: ansible-playbook -e packer_build_name="yandex" -e packer_builder_type=yandex --ssh-extra-args '-o IdentitiesOnly=yes' -vv --ssh-extra-args -o HostKeyAlgorithms=+ssh-rsa -o PubkeyAcceptedAlgorithms=+ssh-rsa -e ansible_ssh_private_key_file=/tmp/ansible-key3941127064 -i /tmp/packer-provisioner-ansible495227561 /home/elnone/Project/aasdhajkshd_infra/ansible/packer_app.yml
    yandex: ansible-playbook [core 2.15.2]
    yandex:   config file = /home/elnone/Project/aasdhajkshd_infra/ansible/ansible.cfg
    yandex:   configured module search path = ['/home/elnone/.ansible/plugins/modules', '/usr/share/ansible/plugins/modules']
    yandex:   ansible python module location = /usr/lib/python3.11/site-packages/ansible
    yandex:   ansible collection location = /home/elnone/.ansible/collections:/usr/share/ansible/collections
    yandex:   executable location = /usr/bin/ansible-playbook
    yandex:   python version = 3.11.3 (main, Jun  5 2023, 09:32:32) [GCC 13.1.1 20230429] (/usr/bin/python)
    yandex:   jinja version = 3.1.2
    yandex:   libyaml = True
    yandex: Using /home/elnone/Project/aasdhajkshd_infra/ansible/ansible.cfg as config file
    yandex: redirecting (type: callback) ansible.builtin.debug to ansible.posix.debug
    yandex: redirecting (type: callback) ansible.builtin.debug to ansible.posix.debug
    yandex: Skipping callback 'default', as we already have a stdout callback.
    yandex: Skipping callback 'minimal', as we already have a stdout callback.
    yandex: Skipping callback 'oneline', as we already have a stdout callback.
    yandex:  __________________________
    yandex: < PLAYBOOK: packer_app.yml >
    yandex:  --------------------------
    yandex:         \   ^__^
    yandex:          \  (oo)\_______
    yandex:             (__)\       )\/\
    yandex:                 ||----w |
    yandex:                 ||     ||
    yandex:
    yandex: 1 plays in /home/elnone/Project/aasdhajkshd_infra/ansible/packer_app.yml
    yandex:  ________________________________
    yandex: < PLAY [Install Ruby && Bundler] >
    yandex:  --------------------------------
    yandex:         \   ^__^
    yandex:          \  (oo)\_______
    yandex:             (__)\       )\/\
    yandex:                 ||----w |
    yandex:                 ||     ||
    yandex:
    yandex:  ________________________
    yandex: < TASK [Gathering Facts] >
    yandex:  ------------------------
    yandex:         \   ^__^
    yandex:          \  (oo)\_______
    yandex:             (__)\       )\/\
    yandex:                 ||----w |
    yandex:                 ||     ||
    yandex:
    yandex: task path: /home/elnone/Project/aasdhajkshd_infra/ansible/packer_app.yml:2
    yandex: ok: [default]
    yandex:  ______________________________________
    yandex: < TASK [Update apt-get repo and cache] >
    yandex:  --------------------------------------
    yandex:         \   ^__^
    yandex:          \  (oo)\_______
    yandex:             (__)\       )\/\
    yandex:                 ||----w |
    yandex:                 ||     ||
    yandex:
    yandex: task path: /home/elnone/Project/aasdhajkshd_infra/ansible/packer_app.yml:6
    yandex: changed: [default] => {
    yandex:     "cache_update_time": 1692362239,
    yandex:     "cache_updated": true,
    yandex:     "changed": true
    yandex: }
    yandex:  __________________________________
    yandex: < TASK [Install ruby and rubygems] >
    yandex:  ----------------------------------
    yandex:         \   ^__^
    yandex:          \  (oo)\_______
    yandex:             (__)\       )\/\
    yandex:                 ||----w |
    yandex:                 ||     ||
    yandex:
    yandex: task path: /home/elnone/Project/aasdhajkshd_infra/ansible/packer_app.yml:8
    yandex: changed: [default] => (item=dialog) => {
    yandex:     "ansible_loop_var": "item",
    yandex:     "cache_update_time": 1692362239,
    yandex:     "cache_updated": false,
    yandex:     "changed": true,
    yandex:     "item": "dialog"
    yandex: }
    yandex:
    yandex: STDOUT:
    yandex:
    yandex: Reading package lists...
    yandex: Building dependency tree...
    yandex: Reading state information...
    yandex: The following NEW packages will be installed:
    yandex:   dialog
    yandex: 0 upgraded, 1 newly installed, 0 to remove and 8 not upgraded.
    yandex: Need to get 215 kB of archives.
    yandex: After this operation, 1126 kB of additional disk space will be used.
    yandex: Get:1 http://mirror.yandex.ru/ubuntu xenial/universe amd64 dialog amd64 1.3-20160209-1 [215 kB]
    yandex: Fetched 215 kB in 0s (5521 kB/s)
    yandex: Selecting previously unselected package dialog.
(Reading database ... 56152 files and directories currently installed.)
    yandex: Preparing to unpack .../dialog_1.3-20160209-1_amd64.deb ...
    yandex: Unpacking dialog (1.3-20160209-1) ...
    yandex: Setting up dialog (1.3-20160209-1) ...
    yandex:
    yandex: changed: [default] => (item=rsync) => {
    yandex:     "ansible_loop_var": "item",
    yandex:     "cache_update_time": 1692362239,
    yandex:     "cache_updated": false,
    yandex:     "changed": true,
    yandex:     "item": "rsync"
    yandex: }
    yandex:
    yandex: STDOUT:
    yandex:
    yandex: Reading package lists...
    yandex: Building dependency tree...
    yandex: Reading state information...
    yandex: The following NEW packages will be installed:
    yandex:   rsync
    yandex: 0 upgraded, 1 newly installed, 0 to remove and 8 not upgraded.
    yandex: Need to get 329 kB of archives.
    yandex: After this operation, 709 kB of additional disk space will be used.
    yandex: Get:1 http://mirror.yandex.ru/ubuntu xenial-updates/main amd64 rsync amd64 3.1.1-3ubuntu1.3 [329 kB]
    yandex: Fetched 329 kB in 0s (8035 kB/s)
    yandex: Selecting previously unselected package rsync.
(Reading database ... 56303 files and directories currently installed.)
    yandex: Preparing to unpack .../rsync_3.1.1-3ubuntu1.3_amd64.deb ...
    yandex: Unpacking rsync (3.1.1-3ubuntu1.3) ...
    yandex: Processing triggers for systemd (229-4ubuntu21.31) ...
    yandex: Processing triggers for ureadahead (0.100.0-19.1) ...
    yandex: Setting up rsync (3.1.1-3ubuntu1.3) ...
    yandex: Processing triggers for systemd (229-4ubuntu21.31) ...
    yandex: Processing triggers for ureadahead (0.100.0-19.1) ...
    yandex:
    yandex: changed: [default] => (item=dos2unix) => {
    yandex:     "ansible_loop_var": "item",
    yandex:     "cache_update_time": 1692362239,
    yandex:     "cache_updated": false,
    yandex:     "changed": true,
    yandex:     "item": "dos2unix"
    yandex: }
    yandex:
    yandex: STDOUT:
    yandex:
    yandex: Reading package lists...
    yandex: Building dependency tree...
    yandex: Reading state information...
    yandex: The following NEW packages will be installed:
    yandex:   dos2unix
    yandex: 0 upgraded, 1 newly installed, 0 to remove and 8 not upgraded.
    yandex: Need to get 68.7 kB of archives.
    yandex: After this operation, 306 kB of additional disk space will be used.
    yandex: Get:1 http://mirror.yandex.ru/ubuntu xenial/universe amd64 dos2unix amd64 6.0.4-1 [68.7 kB]
    yandex: Fetched 68.7 kB in 0s (1785 kB/s)
    yandex: Selecting previously unselected package dos2unix.
(Reading database ... 56333 files and directories currently installed.)
    yandex: Preparing to unpack .../dos2unix_6.0.4-1_amd64.deb ...
    yandex: Unpacking dos2unix (6.0.4-1) ...
    yandex: Setting up dos2unix (6.0.4-1) ...
    yandex:
    yandex: changed: [default] => (item=git) => {
    yandex:     "ansible_loop_var": "item",
    yandex:     "cache_update_time": 1692362239,
    yandex:     "cache_updated": false,
    yandex:     "changed": true,
    yandex:     "item": "git"
    yandex: }
    yandex:
    yandex: STDOUT:
    yandex:
    yandex: Reading package lists...
    yandex: Building dependency tree...
    yandex: Reading state information...
    yandex: The following additional packages will be installed:
    yandex:   git-man liberror-perl libgdbm3 libperl5.22 patch perl perl-modules-5.22
    yandex:   rename
    yandex: Suggested packages:
    yandex:   git-daemon-run | git-daemon-sysvinit git-doc git-el git-email git-gui gitk
    yandex:   gitweb git-arch git-cvs git-mediawiki git-svn ed diffutils-doc perl-doc
    yandex:   libterm-readline-gnu-perl | libterm-readline-perl-perl make
    yandex: The following NEW packages will be installed:
    yandex:   git git-man liberror-perl libgdbm3 libperl5.22 patch perl perl-modules-5.22
    yandex:   rename
    yandex: 0 upgraded, 9 newly installed, 0 to remove and 8 not upgraded.
    yandex: Need to get 10.3 MB of archives.
    yandex: After this operation, 65.2 MB of additional disk space will be used.
    yandex: Get:1 http://mirror.yandex.ru/ubuntu xenial/main amd64 libgdbm3 amd64 1.8.3-13.1 [16.9 kB]
    yandex: Get:2 http://mirror.yandex.ru/ubuntu xenial-updates/main amd64 perl-modules-5.22 all 5.22.1-9ubuntu0.9 [2634 kB]
    yandex: Get:3 http://mirror.yandex.ru/ubuntu xenial-updates/main amd64 libperl5.22 amd64 5.22.1-9ubuntu0.9 [3360 kB]
    yandex: Get:4 http://mirror.yandex.ru/ubuntu xenial-updates/main amd64 perl amd64 5.22.1-9ubuntu0.9 [237 kB]
    yandex: Get:5 http://mirror.yandex.ru/ubuntu xenial/main amd64 liberror-perl all 0.17-1.2 [19.6 kB]
    yandex: Get:6 http://mirror.yandex.ru/ubuntu xenial-updates/main amd64 git-man all 1:2.7.4-0ubuntu1.10 [737 kB]
    yandex: Get:7 http://mirror.yandex.ru/ubuntu xenial-updates/main amd64 git amd64 1:2.7.4-0ubuntu1.10 [3183 kB]
    yandex: Get:8 http://mirror.yandex.ru/ubuntu xenial-updates/main amd64 patch amd64 2.7.5-1ubuntu0.16.04.2 [90.8 kB]
    yandex: Get:9 http://mirror.yandex.ru/ubuntu xenial/main amd64 rename all 0.20-4 [12.0 kB]
    yandex: Fetched 10.3 MB in 0s (47.0 MB/s)
    yandex: Selecting previously unselected package libgdbm3:amd64.
(Reading database ... 56364 files and directories currently installed.)
    yandex: Preparing to unpack .../libgdbm3_1.8.3-13.1_amd64.deb ...
    yandex: Unpacking libgdbm3:amd64 (1.8.3-13.1) ...
    yandex: Selecting previously unselected package perl-modules-5.22.
    yandex: Preparing to unpack .../perl-modules-5.22_5.22.1-9ubuntu0.9_all.deb ...
    yandex: Unpacking perl-modules-5.22 (5.22.1-9ubuntu0.9) ...
    yandex: Selecting previously unselected package libperl5.22:amd64.
    yandex: Preparing to unpack .../libperl5.22_5.22.1-9ubuntu0.9_amd64.deb ...
    yandex: Unpacking libperl5.22:amd64 (5.22.1-9ubuntu0.9) ...
    yandex: Selecting previously unselected package perl.
    yandex: Preparing to unpack .../perl_5.22.1-9ubuntu0.9_amd64.deb ...
    yandex: Unpacking perl (5.22.1-9ubuntu0.9) ...
    yandex: Selecting previously unselected package liberror-perl.
    yandex: Preparing to unpack .../liberror-perl_0.17-1.2_all.deb ...
    yandex: Unpacking liberror-perl (0.17-1.2) ...
    yandex: Selecting previously unselected package git-man.
    yandex: Preparing to unpack .../git-man_1%3a2.7.4-0ubuntu1.10_all.deb ...
    yandex: Unpacking git-man (1:2.7.4-0ubuntu1.10) ...
    yandex: Selecting previously unselected package git.
    yandex: Preparing to unpack .../git_1%3a2.7.4-0ubuntu1.10_amd64.deb ...
    yandex: Unpacking git (1:2.7.4-0ubuntu1.10) ...
    yandex: Selecting previously unselected package patch.
    yandex: Preparing to unpack .../patch_2.7.5-1ubuntu0.16.04.2_amd64.deb ...
    yandex: Unpacking patch (2.7.5-1ubuntu0.16.04.2) ...
    yandex: Selecting previously unselected package rename.
    yandex: Preparing to unpack .../archives/rename_0.20-4_all.deb ...
    yandex: Unpacking rename (0.20-4) ...
    yandex: Setting up libgdbm3:amd64 (1.8.3-13.1) ...
    yandex: Setting up perl-modules-5.22 (5.22.1-9ubuntu0.9) ...
    yandex: Setting up libperl5.22:amd64 (5.22.1-9ubuntu0.9) ...
    yandex: Setting up perl (5.22.1-9ubuntu0.9) ...
    yandex: update-alternatives: using /usr/bin/prename to provide /usr/bin/rename (rename) in auto mode
    yandex: Setting up liberror-perl (0.17-1.2) ...
    yandex: Setting up git-man (1:2.7.4-0ubuntu1.10) ...
    yandex: Setting up git (1:2.7.4-0ubuntu1.10) ...
    yandex: Setting up patch (2.7.5-1ubuntu0.16.04.2) ...
    yandex: Setting up rename (0.20-4) ...
    yandex: update-alternatives: using /usr/bin/file-rename to provide /usr/bin/rename (rename) in auto mode
    yandex: Processing triggers for libc-bin (2.23-0ubuntu11.3) ...
    yandex:
    yandex: changed: [default] => (item=telnet) => {
    yandex:     "ansible_loop_var": "item",
    yandex:     "cache_update_time": 1692362239,
    yandex:     "cache_updated": false,
    yandex:     "changed": true,
    yandex:     "item": "telnet"
    yandex: }
    yandex:
    yandex: STDOUT:
    yandex:
    yandex: Reading package lists...
    yandex: Building dependency tree...
    yandex: Reading state information...
    yandex: The following NEW packages will be installed:
    yandex:   telnet
    yandex: 0 upgraded, 1 newly installed, 0 to remove and 8 not upgraded.
    yandex: Need to get 63.5 kB of archives.
    yandex: After this operation, 182 kB of additional disk space will be used.
    yandex: Get:1 http://mirror.yandex.ru/ubuntu xenial/main amd64 telnet amd64 0.17-40 [63.5 kB]
    yandex: Fetched 63.5 kB in 0s (2191 kB/s)
    yandex: Selecting previously unselected package telnet.
(Reading database ... 58974 files and directories currently installed.)
    yandex: Preparing to unpack .../telnet_0.17-40_amd64.deb ...
    yandex: Unpacking telnet (0.17-40) ...
    yandex: Setting up telnet (0.17-40) ...
    yandex: update-alternatives: using /usr/bin/telnet.netkit to provide /usr/bin/telnet (telnet) in auto mode
    yandex:
    yandex: changed: [default] => (item=ruby-full) => {
    yandex:     "ansible_loop_var": "item",
    yandex:     "cache_update_time": 1692362239,
    yandex:     "cache_updated": false,
    yandex:     "changed": true,
    yandex:     "item": "ruby-full"
    yandex: }
    yandex:
    yandex: STDOUT:
    yandex:
    yandex: Reading package lists...
    yandex: Building dependency tree...
    yandex: Reading state information...
    yandex: The following additional packages will be installed:
    yandex:   fontconfig-config fonts-dejavu-core fonts-lato javascript-common
    yandex:   libfontconfig1 libgmp-dev libgmpxx4ldbl libjs-jquery libruby2.3 libtcl8.6
    yandex:   libtcltk-ruby libtk8.6 libxft2 libxrender1 libxss1 rake ri ruby ruby-dev
    yandex:   ruby-did-you-mean ruby-minitest ruby-net-telnet ruby-power-assert
    yandex:   ruby-test-unit ruby2.3 ruby2.3-dev ruby2.3-doc ruby2.3-tcltk
    yandex:   rubygems-integration unzip x11-common zip
    yandex: Suggested packages:
    yandex:   apache2 | lighttpd | httpd gmp-doc libgmp10-doc libmpfr-dev tcl8.6 tk8.6
    yandex:   bundler
    yandex: The following NEW packages will be installed:
    yandex:   fontconfig-config fonts-dejavu-core fonts-lato javascript-common
    yandex:   libfontconfig1 libgmp-dev libgmpxx4ldbl libjs-jquery libruby2.3 libtcl8.6
    yandex:   libtcltk-ruby libtk8.6 libxft2 libxrender1 libxss1 rake ri ruby ruby-dev
    yandex:   ruby-did-you-mean ruby-full ruby-minitest ruby-net-telnet ruby-power-assert
    yandex:   ruby-test-unit ruby2.3 ruby2.3-dev ruby2.3-doc ruby2.3-tcltk
    yandex:   rubygems-integration unzip x11-common zip
    yandex: 0 upgraded, 33 newly installed, 0 to remove and 8 not upgraded.
    yandex: Need to get 14.3 MB of archives.
    yandex: After this operation, 75.7 MB of additional disk space will be used.
    yandex: Get:1 http://mirror.yandex.ru/ubuntu xenial/main amd64 fonts-lato all 2.0-1 [2693 kB]
    yandex: Get:2 http://mirror.yandex.ru/ubuntu xenial/main amd64 fonts-dejavu-core all 2.35-1 [1039 kB]
    yandex: Get:3 http://mirror.yandex.ru/ubuntu xenial-updates/main amd64 fontconfig-config all 2.11.94-0ubuntu1.1 [49.9 kB]
    yandex: Get:4 http://mirror.yandex.ru/ubuntu xenial-updates/main amd64 libfontconfig1 amd64 2.11.94-0ubuntu1.1 [131 kB]
    yandex: Get:5 http://mirror.yandex.ru/ubuntu xenial/main amd64 libxrender1 amd64 1:0.9.9-0ubuntu1 [18.5 kB]
    yandex: Get:6 http://mirror.yandex.ru/ubuntu xenial/main amd64 libxft2 amd64 2.3.2-1 [36.1 kB]
    yandex: Get:7 http://mirror.yandex.ru/ubuntu xenial-updates/main amd64 x11-common all 1:7.7+13ubuntu3.1 [22.9 kB]
    yandex: Get:8 http://mirror.yandex.ru/ubuntu xenial/main amd64 libxss1 amd64 1:1.2.2-1 [8582 B]
    yandex: Get:9 http://mirror.yandex.ru/ubuntu xenial/main amd64 javascript-common all 11 [6066 B]
    yandex: Get:10 http://mirror.yandex.ru/ubuntu xenial/main amd64 libgmpxx4ldbl amd64 2:6.1.0+dfsg-2 [8948 B]
    yandex: Get:11 http://mirror.yandex.ru/ubuntu xenial/main amd64 libgmp-dev amd64 2:6.1.0+dfsg-2 [314 kB]
    yandex: Get:12 http://mirror.yandex.ru/ubuntu xenial/main amd64 libjs-jquery all 1.11.3+dfsg-4 [161 kB]
    yandex: Get:13 http://mirror.yandex.ru/ubuntu xenial/main amd64 libtcl8.6 amd64 8.6.5+dfsg-2 [875 kB]
    yandex: Get:14 http://mirror.yandex.ru/ubuntu xenial/main amd64 rubygems-integration all 1.10 [4966 B]
    yandex: Get:15 http://mirror.yandex.ru/ubuntu xenial-updates/main amd64 ruby2.3 amd64 2.3.1-2~ubuntu16.04.16 [41.0 kB]
    yandex: Get:16 http://mirror.yandex.ru/ubuntu xenial/main amd64 ruby all 1:2.3.0+1 [5530 B]
    yandex: Get:17 http://mirror.yandex.ru/ubuntu xenial-updates/main amd64 rake all 10.5.0-2ubuntu0.1 [48.1 kB]
    yandex: Get:18 http://mirror.yandex.ru/ubuntu xenial/main amd64 ruby-did-you-mean all 1.0.0-2 [8390 B]
    yandex: Get:19 http://mirror.yandex.ru/ubuntu xenial/main amd64 ruby-minitest all 5.8.4-2 [36.6 kB]
    yandex: Get:20 http://mirror.yandex.ru/ubuntu xenial/main amd64 ruby-net-telnet all 0.1.1-2 [12.6 kB]
    yandex: Get:21 http://mirror.yandex.ru/ubuntu xenial/main amd64 ruby-power-assert all 0.2.7-1 [7668 B]
    yandex: Get:22 http://mirror.yandex.ru/ubuntu xenial/main amd64 ruby-test-unit all 3.1.7-2 [60.3 kB]
    yandex: Get:23 http://mirror.yandex.ru/ubuntu xenial-updates/main amd64 libruby2.3 amd64 2.3.1-2~ubuntu16.04.16 [2969 kB]
    yandex: Get:24 http://mirror.yandex.ru/ubuntu xenial/main amd64 libtk8.6 amd64 8.6.5-1 [693 kB]
    yandex: Get:25 http://mirror.yandex.ru/ubuntu xenial-updates/universe amd64 ruby2.3-tcltk amd64 2.3.1-2~ubuntu16.04.16 [276 kB]
    yandex: Get:26 http://mirror.yandex.ru/ubuntu xenial/universe amd64 libtcltk-ruby all 1:2.3.0+1 [4138 B]
    yandex: Get:27 http://mirror.yandex.ru/ubuntu xenial-updates/main amd64 ruby2.3-doc all 2.3.1-2~ubuntu16.04.16 [3408 kB]
    yandex: Get:28 http://mirror.yandex.ru/ubuntu xenial/universe amd64 ri all 1:2.3.0+1 [4274 B]
    yandex: Get:29 http://mirror.yandex.ru/ubuntu xenial-updates/main amd64 ruby2.3-dev amd64 2.3.1-2~ubuntu16.04.16 [1034 kB]
    yandex: Get:30 http://mirror.yandex.ru/ubuntu xenial/main amd64 ruby-dev amd64 1:2.3.0+1 [4408 B]
    yandex: Get:31 http://mirror.yandex.ru/ubuntu xenial/universe amd64 ruby-full all 1:2.3.0+1 [2558 B]
    yandex: Get:32 http://mirror.yandex.ru/ubuntu xenial-updates/main amd64 unzip amd64 6.0-20ubuntu1.1 [162 kB]
    yandex: Get:33 http://mirror.yandex.ru/ubuntu xenial/main amd64 zip amd64 3.0-11 [158 kB]
    yandex: Fetched 14.3 MB in 0s (15.3 MB/s)
    yandex: Selecting previously unselected package fonts-lato.
(Reading database ... 58985 files and directories currently installed.)
    yandex: Preparing to unpack .../fonts-lato_2.0-1_all.deb ...
    yandex: Unpacking fonts-lato (2.0-1) ...
    yandex: Selecting previously unselected package fonts-dejavu-core.
    yandex: Preparing to unpack .../fonts-dejavu-core_2.35-1_all.deb ...
    yandex: Unpacking fonts-dejavu-core (2.35-1) ...
    yandex: Selecting previously unselected package fontconfig-config.
    yandex: Preparing to unpack .../fontconfig-config_2.11.94-0ubuntu1.1_all.deb ...
    yandex: Unpacking fontconfig-config (2.11.94-0ubuntu1.1) ...
    yandex: Selecting previously unselected package libfontconfig1:amd64.
    yandex: Preparing to unpack .../libfontconfig1_2.11.94-0ubuntu1.1_amd64.deb ...
    yandex: Unpacking libfontconfig1:amd64 (2.11.94-0ubuntu1.1) ...
    yandex: Selecting previously unselected package libxrender1:amd64.
    yandex: Preparing to unpack .../libxrender1_1%3a0.9.9-0ubuntu1_amd64.deb ...
    yandex: Unpacking libxrender1:amd64 (1:0.9.9-0ubuntu1) ...
    yandex: Selecting previously unselected package libxft2:amd64.
    yandex: Preparing to unpack .../libxft2_2.3.2-1_amd64.deb ...
    yandex: Unpacking libxft2:amd64 (2.3.2-1) ...
    yandex: Selecting previously unselected package x11-common.
    yandex: Preparing to unpack .../x11-common_1%3a7.7+13ubuntu3.1_all.deb ...
    yandex: dpkg-query: no packages found matching nux-tools
    yandex: Unpacking x11-common (1:7.7+13ubuntu3.1) ...
    yandex: Selecting previously unselected package libxss1:amd64.
    yandex: Preparing to unpack .../libxss1_1%3a1.2.2-1_amd64.deb ...
    yandex: Unpacking libxss1:amd64 (1:1.2.2-1) ...
    yandex: Selecting previously unselected package javascript-common.
    yandex: Preparing to unpack .../javascript-common_11_all.deb ...
    yandex: Unpacking javascript-common (11) ...
    yandex: Selecting previously unselected package libgmpxx4ldbl:amd64.
    yandex: Preparing to unpack .../libgmpxx4ldbl_2%3a6.1.0+dfsg-2_amd64.deb ...
    yandex: Unpacking libgmpxx4ldbl:amd64 (2:6.1.0+dfsg-2) ...
    yandex: Selecting previously unselected package libgmp-dev:amd64.
    yandex: Preparing to unpack .../libgmp-dev_2%3a6.1.0+dfsg-2_amd64.deb ...
    yandex: Unpacking libgmp-dev:amd64 (2:6.1.0+dfsg-2) ...
    yandex: Selecting previously unselected package libjs-jquery.
    yandex: Preparing to unpack .../libjs-jquery_1.11.3+dfsg-4_all.deb ...
    yandex: Unpacking libjs-jquery (1.11.3+dfsg-4) ...
    yandex: Selecting previously unselected package libtcl8.6:amd64.
    yandex: Preparing to unpack .../libtcl8.6_8.6.5+dfsg-2_amd64.deb ...
    yandex: Unpacking libtcl8.6:amd64 (8.6.5+dfsg-2) ...
    yandex: Selecting previously unselected package rubygems-integration.
    yandex: Preparing to unpack .../rubygems-integration_1.10_all.deb ...
    yandex: Unpacking rubygems-integration (1.10) ...
    yandex: Selecting previously unselected package ruby2.3.
    yandex: Preparing to unpack .../ruby2.3_2.3.1-2~ubuntu16.04.16_amd64.deb ...
    yandex: Unpacking ruby2.3 (2.3.1-2~ubuntu16.04.16) ...
    yandex: Selecting previously unselected package ruby.
    yandex: Preparing to unpack .../ruby_1%3a2.3.0+1_all.deb ...
    yandex: Unpacking ruby (1:2.3.0+1) ...
    yandex: Selecting previously unselected package rake.
    yandex: Preparing to unpack .../rake_10.5.0-2ubuntu0.1_all.deb ...
    yandex: Unpacking rake (10.5.0-2ubuntu0.1) ...
    yandex: Selecting previously unselected package ruby-did-you-mean.
    yandex: Preparing to unpack .../ruby-did-you-mean_1.0.0-2_all.deb ...
    yandex: Unpacking ruby-did-you-mean (1.0.0-2) ...
    yandex: Selecting previously unselected package ruby-minitest.
    yandex: Preparing to unpack .../ruby-minitest_5.8.4-2_all.deb ...
    yandex: Unpacking ruby-minitest (5.8.4-2) ...
    yandex: Selecting previously unselected package ruby-net-telnet.
    yandex: Preparing to unpack .../ruby-net-telnet_0.1.1-2_all.deb ...
    yandex: Unpacking ruby-net-telnet (0.1.1-2) ...
    yandex: Selecting previously unselected package ruby-power-assert.
    yandex: Preparing to unpack .../ruby-power-assert_0.2.7-1_all.deb ...
    yandex: Unpacking ruby-power-assert (0.2.7-1) ...
    yandex: Selecting previously unselected package ruby-test-unit.
    yandex: Preparing to unpack .../ruby-test-unit_3.1.7-2_all.deb ...
    yandex: Unpacking ruby-test-unit (3.1.7-2) ...
    yandex: Selecting previously unselected package libruby2.3:amd64.
    yandex: Preparing to unpack .../libruby2.3_2.3.1-2~ubuntu16.04.16_amd64.deb ...
    yandex: Unpacking libruby2.3:amd64 (2.3.1-2~ubuntu16.04.16) ...
    yandex: Selecting previously unselected package libtk8.6:amd64.
    yandex: Preparing to unpack .../libtk8.6_8.6.5-1_amd64.deb ...
    yandex: Unpacking libtk8.6:amd64 (8.6.5-1) ...
    yandex: Selecting previously unselected package ruby2.3-tcltk.
    yandex: Preparing to unpack .../ruby2.3-tcltk_2.3.1-2~ubuntu16.04.16_amd64.deb ...
    yandex: Unpacking ruby2.3-tcltk (2.3.1-2~ubuntu16.04.16) ...
    yandex: Selecting previously unselected package libtcltk-ruby.
    yandex: Preparing to unpack .../libtcltk-ruby_1%3a2.3.0+1_all.deb ...
    yandex: Unpacking libtcltk-ruby (1:2.3.0+1) ...
    yandex: Selecting previously unselected package ruby2.3-doc.
    yandex: Preparing to unpack .../ruby2.3-doc_2.3.1-2~ubuntu16.04.16_all.deb ...
    yandex: Unpacking ruby2.3-doc (2.3.1-2~ubuntu16.04.16) ...
    yandex: Selecting previously unselected package ri.
    yandex: Preparing to unpack .../ri_1%3a2.3.0+1_all.deb ...
    yandex: Unpacking ri (1:2.3.0+1) ...
    yandex: Selecting previously unselected package ruby2.3-dev:amd64.
    yandex: Preparing to unpack .../ruby2.3-dev_2.3.1-2~ubuntu16.04.16_amd64.deb ...
    yandex: Unpacking ruby2.3-dev:amd64 (2.3.1-2~ubuntu16.04.16) ...
    yandex: Selecting previously unselected package ruby-dev:amd64.
    yandex: Preparing to unpack .../ruby-dev_1%3a2.3.0+1_amd64.deb ...
    yandex: Unpacking ruby-dev:amd64 (1:2.3.0+1) ...
    yandex: Selecting previously unselected package ruby-full.
    yandex: Preparing to unpack .../ruby-full_1%3a2.3.0+1_all.deb ...
    yandex: Unpacking ruby-full (1:2.3.0+1) ...
    yandex: Selecting previously unselected package unzip.
    yandex: Preparing to unpack .../unzip_6.0-20ubuntu1.1_amd64.deb ...
    yandex: Unpacking unzip (6.0-20ubuntu1.1) ...
    yandex: Selecting previously unselected package zip.
    yandex: Preparing to unpack .../archives/zip_3.0-11_amd64.deb ...
    yandex: Unpacking zip (3.0-11) ...
    yandex: Processing triggers for libc-bin (2.23-0ubuntu11.3) ...
    yandex: Processing triggers for systemd (229-4ubuntu21.31) ...
    yandex: Processing triggers for ureadahead (0.100.0-19.1) ...
    yandex: Processing triggers for mime-support (3.59ubuntu1) ...
    yandex: Setting up fonts-lato (2.0-1) ...
    yandex: Setting up fonts-dejavu-core (2.35-1) ...
    yandex: Setting up fontconfig-config (2.11.94-0ubuntu1.1) ...
    yandex: Setting up libfontconfig1:amd64 (2.11.94-0ubuntu1.1) ...
    yandex: Setting up libxrender1:amd64 (1:0.9.9-0ubuntu1) ...
    yandex: Setting up libxft2:amd64 (2.3.2-1) ...
    yandex: Setting up x11-common (1:7.7+13ubuntu3.1) ...
    yandex: update-rc.d: warning: start and stop actions are no longer supported; falling back to defaults
    yandex: Setting up libxss1:amd64 (1:1.2.2-1) ...
    yandex: Setting up javascript-common (11) ...
    yandex: Setting up libgmpxx4ldbl:amd64 (2:6.1.0+dfsg-2) ...
    yandex: Setting up libgmp-dev:amd64 (2:6.1.0+dfsg-2) ...
    yandex: Setting up libjs-jquery (1.11.3+dfsg-4) ...
    yandex: Setting up libtcl8.6:amd64 (8.6.5+dfsg-2) ...
    yandex: Setting up rubygems-integration (1.10) ...
    yandex: Setting up ruby-did-you-mean (1.0.0-2) ...
    yandex: Setting up ruby-minitest (5.8.4-2) ...
    yandex: Setting up ruby-net-telnet (0.1.1-2) ...
    yandex: Setting up ruby-power-assert (0.2.7-1) ...
    yandex: Setting up ruby-test-unit (3.1.7-2) ...
    yandex: Setting up libtk8.6:amd64 (8.6.5-1) ...
    yandex: Setting up ruby2.3-doc (2.3.1-2~ubuntu16.04.16) ...
    yandex: Setting up unzip (6.0-20ubuntu1.1) ...
    yandex: Setting up zip (3.0-11) ...
    yandex: Setting up ruby2.3 (2.3.1-2~ubuntu16.04.16) ...
    yandex: Setting up ruby (1:2.3.0+1) ...
    yandex: Setting up ri (1:2.3.0+1) ...
    yandex: Setting up rake (10.5.0-2ubuntu0.1) ...
    yandex: Setting up libruby2.3:amd64 (2.3.1-2~ubuntu16.04.16) ...
    yandex: Setting up ruby2.3-tcltk (2.3.1-2~ubuntu16.04.16) ...
    yandex: Setting up libtcltk-ruby (1:2.3.0+1) ...
    yandex: Setting up ruby2.3-dev:amd64 (2.3.1-2~ubuntu16.04.16) ...
    yandex: Setting up ruby-dev:amd64 (1:2.3.0+1) ...
    yandex: Setting up ruby-full (1:2.3.0+1) ...
    yandex: Processing triggers for libc-bin (2.23-0ubuntu11.3) ...
    yandex: Processing triggers for systemd (229-4ubuntu21.31) ...
    yandex: Processing triggers for ureadahead (0.100.0-19.1) ...
    yandex:
    yandex:
    yandex:
    yandex: STDERR:
    yandex:
Extracting templates from packages: 100%
    yandex:
    yandex: changed: [default] => (item=ruby-bundler) => {
    yandex:     "ansible_loop_var": "item",
    yandex:     "cache_update_time": 1692362239,
    yandex:     "cache_updated": false,
    yandex:     "changed": true,
    yandex:     "item": "ruby-bundler"
    yandex: }
    yandex:
    yandex: STDOUT:
    yandex:
    yandex: Reading package lists...
    yandex: Building dependency tree...
    yandex: Reading state information...
    yandex: The following additional packages will be installed:
    yandex:   ruby-molinillo ruby-net-http-persistent ruby-thor
    yandex: The following NEW packages will be installed:
    yandex:   ruby-bundler ruby-molinillo ruby-net-http-persistent ruby-thor
    yandex: 0 upgraded, 4 newly installed, 0 to remove and 8 not upgraded.
    yandex: Need to get 194 kB of archives.
    yandex: After this operation, 992 kB of additional disk space will be used.
    yandex: Get:1 http://mirror.yandex.ru/ubuntu xenial/universe amd64 ruby-molinillo all 0.4.3-1 [12.1 kB]
    yandex: Get:2 http://mirror.yandex.ru/ubuntu xenial/universe amd64 ruby-net-http-persistent all 2.9.4-1 [15.9 kB]
    yandex: Get:3 http://mirror.yandex.ru/ubuntu xenial/universe amd64 ruby-thor all 0.19.1-2 [43.7 kB]
    yandex: Get:4 http://mirror.yandex.ru/ubuntu xenial/universe amd64 ruby-bundler all 1.11.2-1 [122 kB]
    yandex: Fetched 194 kB in 0s (954 kB/s)
    yandex: Selecting previously unselected package ruby-molinillo.
(Reading database ... 76543 files and directories currently installed.)
    yandex: Preparing to unpack .../ruby-molinillo_0.4.3-1_all.deb ...
    yandex: Unpacking ruby-molinillo (0.4.3-1) ...
    yandex: Selecting previously unselected package ruby-net-http-persistent.
    yandex: Preparing to unpack .../ruby-net-http-persistent_2.9.4-1_all.deb ...
    yandex: Unpacking ruby-net-http-persistent (2.9.4-1) ...
    yandex: Selecting previously unselected package ruby-thor.
    yandex: Preparing to unpack .../ruby-thor_0.19.1-2_all.deb ...
    yandex: Unpacking ruby-thor (0.19.1-2) ...
    yandex: Selecting previously unselected package ruby-bundler.
    yandex: Preparing to unpack .../ruby-bundler_1.11.2-1_all.deb ...
    yandex: Unpacking ruby-bundler (1.11.2-1) ...
    yandex: Setting up ruby-molinillo (0.4.3-1) ...
    yandex: Setting up ruby-net-http-persistent (2.9.4-1) ...
    yandex: Setting up ruby-thor (0.19.1-2) ...
    yandex: Setting up ruby-bundler (1.11.2-1) ...
    yandex:
    yandex: changed: [default] => (item=build-essential) => {
    yandex:     "ansible_loop_var": "item",
    yandex:     "cache_update_time": 1692362239,
    yandex:     "cache_updated": false,
    yandex:     "changed": true,
    yandex:     "item": "build-essential"
    yandex: }
    yandex:
    yandex: STDOUT:
    yandex:
    yandex: Reading package lists...
    yandex: Building dependency tree...
    yandex: Reading state information...
    yandex: The following additional packages will be installed:
    yandex:   binutils cpp cpp-5 dpkg-dev fakeroot g++ g++-5 gcc gcc-5
    yandex:   libalgorithm-diff-perl libalgorithm-diff-xs-perl libalgorithm-merge-perl
    yandex:   libasan2 libatomic1 libc-dev-bin libc6-dev libcc1-0 libcilkrts5 libdpkg-perl
    yandex:   libfakeroot libfile-fcntllock-perl libgcc-5-dev libgomp1 libisl15 libitm1
    yandex:   liblsan0 libmpc3 libmpfr4 libmpx0 libquadmath0 libstdc++-5-dev libtsan0
    yandex:   libubsan0 linux-libc-dev make manpages manpages-dev
    yandex: Suggested packages:
    yandex:   binutils-doc cpp-doc gcc-5-locales debian-keyring g++-multilib
    yandex:   g++-5-multilib gcc-5-doc libstdc++6-5-dbg gcc-multilib autoconf automake
    yandex:   libtool flex bison gdb gcc-doc gcc-5-multilib libgcc1-dbg libgomp1-dbg
    yandex:   libitm1-dbg libatomic1-dbg libasan2-dbg liblsan0-dbg libtsan0-dbg
    yandex:   libubsan0-dbg libcilkrts5-dbg libmpx0-dbg libquadmath0-dbg glibc-doc
    yandex:   libstdc++-5-doc make-doc man-browser
    yandex: The following NEW packages will be installed:
    yandex:   binutils build-essential cpp cpp-5 dpkg-dev fakeroot g++ g++-5 gcc gcc-5
    yandex:   libalgorithm-diff-perl libalgorithm-diff-xs-perl libalgorithm-merge-perl
    yandex:   libasan2 libatomic1 libc-dev-bin libc6-dev libcc1-0 libcilkrts5 libdpkg-perl
    yandex:   libfakeroot libfile-fcntllock-perl libgcc-5-dev libgomp1 libisl15 libitm1
    yandex:   liblsan0 libmpc3 libmpfr4 libmpx0 libquadmath0 libstdc++-5-dev libtsan0
    yandex:   libubsan0 linux-libc-dev make manpages manpages-dev
    yandex: 0 upgraded, 38 newly installed, 0 to remove and 8 not upgraded.
    yandex: Need to get 39.9 MB of archives.
    yandex: After this operation, 146 MB of additional disk space will be used.
    yandex: Get:1 http://mirror.yandex.ru/ubuntu xenial/main amd64 libmpfr4 amd64 3.1.4-1 [191 kB]
    yandex: Get:2 http://mirror.yandex.ru/ubuntu xenial/main amd64 libmpc3 amd64 1.0.3-1 [39.7 kB]
    yandex: Get:3 http://mirror.yandex.ru/ubuntu xenial/main amd64 manpages all 4.04-2 [1087 kB]
    yandex: Get:4 http://mirror.yandex.ru/ubuntu xenial-updates/main amd64 binutils amd64 2.26.1-1ubuntu1~16.04.8 [2312 kB]
    yandex: Get:5 http://mirror.yandex.ru/ubuntu xenial-updates/main amd64 libc-dev-bin amd64 2.23-0ubuntu11.3 [68.6 kB]
    yandex: Get:6 http://mirror.yandex.ru/ubuntu xenial-updates/main amd64 linux-libc-dev amd64 4.4.0-210.242 [832 kB]
    yandex: Get:7 http://mirror.yandex.ru/ubuntu xenial-updates/main amd64 libc6-dev amd64 2.23-0ubuntu11.3 [2083 kB]
    yandex: Get:8 http://mirror.yandex.ru/ubuntu xenial/main amd64 libisl15 amd64 0.16.1-1 [524 kB]
    yandex: Get:9 http://mirror.yandex.ru/ubuntu xenial-updates/main amd64 cpp-5 amd64 5.4.0-6ubuntu1~16.04.12 [7783 kB]
    yandex: Get:10 http://mirror.yandex.ru/ubuntu xenial/main amd64 cpp amd64 4:5.3.1-1ubuntu1 [27.7 kB]
    yandex: Get:11 http://mirror.yandex.ru/ubuntu xenial-updates/main amd64 libcc1-0 amd64 5.4.0-6ubuntu1~16.04.12 [38.8 kB]
    yandex: Get:12 http://mirror.yandex.ru/ubuntu xenial-updates/main amd64 libgomp1 amd64 5.4.0-6ubuntu1~16.04.12 [55.2 kB]
    yandex: Get:13 http://mirror.yandex.ru/ubuntu xenial-updates/main amd64 libitm1 amd64 5.4.0-6ubuntu1~16.04.12 [27.4 kB]
    yandex: Get:14 http://mirror.yandex.ru/ubuntu xenial-updates/main amd64 libatomic1 amd64 5.4.0-6ubuntu1~16.04.12 [8892 B]
    yandex: Get:15 http://mirror.yandex.ru/ubuntu xenial-updates/main amd64 libasan2 amd64 5.4.0-6ubuntu1~16.04.12 [265 kB]
    yandex: Get:16 http://mirror.yandex.ru/ubuntu xenial-updates/main amd64 liblsan0 amd64 5.4.0-6ubuntu1~16.04.12 [105 kB]
    yandex: Get:17 http://mirror.yandex.ru/ubuntu xenial-updates/main amd64 libtsan0 amd64 5.4.0-6ubuntu1~16.04.12 [244 kB]
    yandex: Get:18 http://mirror.yandex.ru/ubuntu xenial-updates/main amd64 libubsan0 amd64 5.4.0-6ubuntu1~16.04.12 [95.3 kB]
    yandex: Get:19 http://mirror.yandex.ru/ubuntu xenial-updates/main amd64 libcilkrts5 amd64 5.4.0-6ubuntu1~16.04.12 [40.0 kB]
    yandex: Get:20 http://mirror.yandex.ru/ubuntu xenial-updates/main amd64 libmpx0 amd64 5.4.0-6ubuntu1~16.04.12 [9762 B]
    yandex: Get:21 http://mirror.yandex.ru/ubuntu xenial-updates/main amd64 libquadmath0 amd64 5.4.0-6ubuntu1~16.04.12 [131 kB]
    yandex: Get:22 http://mirror.yandex.ru/ubuntu xenial-updates/main amd64 libgcc-5-dev amd64 5.4.0-6ubuntu1~16.04.12 [2239 kB]
    yandex: Get:23 http://mirror.yandex.ru/ubuntu xenial-updates/main amd64 gcc-5 amd64 5.4.0-6ubuntu1~16.04.12 [8612 kB]
    yandex: Get:24 http://mirror.yandex.ru/ubuntu xenial/main amd64 gcc amd64 4:5.3.1-1ubuntu1 [5244 B]
    yandex: Get:25 http://mirror.yandex.ru/ubuntu xenial-updates/main amd64 libstdc++-5-dev amd64 5.4.0-6ubuntu1~16.04.12 [1428 kB]
    yandex: Get:26 http://mirror.yandex.ru/ubuntu xenial-updates/main amd64 g++-5 amd64 5.4.0-6ubuntu1~16.04.12 [8430 kB]
    yandex: Get:27 http://mirror.yandex.ru/ubuntu xenial/main amd64 g++ amd64 4:5.3.1-1ubuntu1 [1504 B]
    yandex: Get:28 http://mirror.yandex.ru/ubuntu xenial/main amd64 make amd64 4.1-6 [151 kB]
    yandex: Get:29 http://mirror.yandex.ru/ubuntu xenial-updates/main amd64 libdpkg-perl all 1.18.4ubuntu1.7 [195 kB]
    yandex: Get:30 http://mirror.yandex.ru/ubuntu xenial-updates/main amd64 dpkg-dev all 1.18.4ubuntu1.7 [584 kB]
    yandex: Get:31 http://mirror.yandex.ru/ubuntu xenial/main amd64 build-essential amd64 12.1ubuntu2 [4758 B]
    yandex: Get:32 http://mirror.yandex.ru/ubuntu xenial/main amd64 libfakeroot amd64 1.20.2-1ubuntu1 [25.5 kB]
    yandex: Get:33 http://mirror.yandex.ru/ubuntu xenial/main amd64 fakeroot amd64 1.20.2-1ubuntu1 [61.8 kB]
    yandex: Get:34 http://mirror.yandex.ru/ubuntu xenial/main amd64 libalgorithm-diff-perl all 1.19.03-1 [47.6 kB]
    yandex: Get:35 http://mirror.yandex.ru/ubuntu xenial/main amd64 libalgorithm-diff-xs-perl amd64 0.04-4build1 [11.0 kB]
    yandex: Get:36 http://mirror.yandex.ru/ubuntu xenial/main amd64 libalgorithm-merge-perl all 0.08-3 [12.0 kB]
    yandex: Get:37 http://mirror.yandex.ru/ubuntu xenial/main amd64 libfile-fcntllock-perl amd64 0.22-3 [32.0 kB]
    yandex: Get:38 http://mirror.yandex.ru/ubuntu xenial/main amd64 manpages-dev all 4.04-2 [2048 kB]
    yandex: Fetched 39.9 MB in 3s (11.2 MB/s)
    yandex: Selecting previously unselected package libmpfr4:amd64.
(Reading database ... 76784 files and directories currently installed.)
    yandex: Preparing to unpack .../libmpfr4_3.1.4-1_amd64.deb ...
    yandex: Unpacking libmpfr4:amd64 (3.1.4-1) ...
    yandex: Selecting previously unselected package libmpc3:amd64.
    yandex: Preparing to unpack .../libmpc3_1.0.3-1_amd64.deb ...
    yandex: Unpacking libmpc3:amd64 (1.0.3-1) ...
    yandex: Selecting previously unselected package manpages.
    yandex: Preparing to unpack .../manpages_4.04-2_all.deb ...
    yandex: Unpacking manpages (4.04-2) ...
    yandex: Selecting previously unselected package binutils.
    yandex: Preparing to unpack .../binutils_2.26.1-1ubuntu1~16.04.8_amd64.deb ...
    yandex: Unpacking binutils (2.26.1-1ubuntu1~16.04.8) ...
    yandex: Selecting previously unselected package libc-dev-bin.
    yandex: Preparing to unpack .../libc-dev-bin_2.23-0ubuntu11.3_amd64.deb ...
    yandex: Unpacking libc-dev-bin (2.23-0ubuntu11.3) ...
    yandex: Selecting previously unselected package linux-libc-dev:amd64.
    yandex: Preparing to unpack .../linux-libc-dev_4.4.0-210.242_amd64.deb ...
    yandex: Unpacking linux-libc-dev:amd64 (4.4.0-210.242) ...
    yandex: Selecting previously unselected package libc6-dev:amd64.
    yandex: Preparing to unpack .../libc6-dev_2.23-0ubuntu11.3_amd64.deb ...
    yandex: Unpacking libc6-dev:amd64 (2.23-0ubuntu11.3) ...
    yandex: Selecting previously unselected package libisl15:amd64.
    yandex: Preparing to unpack .../libisl15_0.16.1-1_amd64.deb ...
    yandex: Unpacking libisl15:amd64 (0.16.1-1) ...
    yandex: Selecting previously unselected package cpp-5.
    yandex: Preparing to unpack .../cpp-5_5.4.0-6ubuntu1~16.04.12_amd64.deb ...
    yandex: Unpacking cpp-5 (5.4.0-6ubuntu1~16.04.12) ...
    yandex: Selecting previously unselected package cpp.
    yandex: Preparing to unpack .../cpp_4%3a5.3.1-1ubuntu1_amd64.deb ...
    yandex: Unpacking cpp (4:5.3.1-1ubuntu1) ...
    yandex: Selecting previously unselected package libcc1-0:amd64.
    yandex: Preparing to unpack .../libcc1-0_5.4.0-6ubuntu1~16.04.12_amd64.deb ...
    yandex: Unpacking libcc1-0:amd64 (5.4.0-6ubuntu1~16.04.12) ...
    yandex: Selecting previously unselected package libgomp1:amd64.
    yandex: Preparing to unpack .../libgomp1_5.4.0-6ubuntu1~16.04.12_amd64.deb ...
    yandex: Unpacking libgomp1:amd64 (5.4.0-6ubuntu1~16.04.12) ...
    yandex: Selecting previously unselected package libitm1:amd64.
    yandex: Preparing to unpack .../libitm1_5.4.0-6ubuntu1~16.04.12_amd64.deb ...
    yandex: Unpacking libitm1:amd64 (5.4.0-6ubuntu1~16.04.12) ...
    yandex: Selecting previously unselected package libatomic1:amd64.
    yandex: Preparing to unpack .../libatomic1_5.4.0-6ubuntu1~16.04.12_amd64.deb ...
    yandex: Unpacking libatomic1:amd64 (5.4.0-6ubuntu1~16.04.12) ...
    yandex: Selecting previously unselected package libasan2:amd64.
    yandex: Preparing to unpack .../libasan2_5.4.0-6ubuntu1~16.04.12_amd64.deb ...
    yandex: Unpacking libasan2:amd64 (5.4.0-6ubuntu1~16.04.12) ...
    yandex: Selecting previously unselected package liblsan0:amd64.
    yandex: Preparing to unpack .../liblsan0_5.4.0-6ubuntu1~16.04.12_amd64.deb ...
    yandex: Unpacking liblsan0:amd64 (5.4.0-6ubuntu1~16.04.12) ...
    yandex: Selecting previously unselected package libtsan0:amd64.
    yandex: Preparing to unpack .../libtsan0_5.4.0-6ubuntu1~16.04.12_amd64.deb ...
    yandex: Unpacking libtsan0:amd64 (5.4.0-6ubuntu1~16.04.12) ...
    yandex: Selecting previously unselected package libubsan0:amd64.
    yandex: Preparing to unpack .../libubsan0_5.4.0-6ubuntu1~16.04.12_amd64.deb ...
    yandex: Unpacking libubsan0:amd64 (5.4.0-6ubuntu1~16.04.12) ...
    yandex: Selecting previously unselected package libcilkrts5:amd64.
    yandex: Preparing to unpack .../libcilkrts5_5.4.0-6ubuntu1~16.04.12_amd64.deb ...
    yandex: Unpacking libcilkrts5:amd64 (5.4.0-6ubuntu1~16.04.12) ...
    yandex: Selecting previously unselected package libmpx0:amd64.
    yandex: Preparing to unpack .../libmpx0_5.4.0-6ubuntu1~16.04.12_amd64.deb ...
    yandex: Unpacking libmpx0:amd64 (5.4.0-6ubuntu1~16.04.12) ...
    yandex: Selecting previously unselected package libquadmath0:amd64.
    yandex: Preparing to unpack .../libquadmath0_5.4.0-6ubuntu1~16.04.12_amd64.deb ...
    yandex: Unpacking libquadmath0:amd64 (5.4.0-6ubuntu1~16.04.12) ...
    yandex: Selecting previously unselected package libgcc-5-dev:amd64.
    yandex: Preparing to unpack .../libgcc-5-dev_5.4.0-6ubuntu1~16.04.12_amd64.deb ...
    yandex: Unpacking libgcc-5-dev:amd64 (5.4.0-6ubuntu1~16.04.12) ...
    yandex: Selecting previously unselected package gcc-5.
    yandex: Preparing to unpack .../gcc-5_5.4.0-6ubuntu1~16.04.12_amd64.deb ...
    yandex: Unpacking gcc-5 (5.4.0-6ubuntu1~16.04.12) ...
    yandex: Selecting previously unselected package gcc.
    yandex: Preparing to unpack .../gcc_4%3a5.3.1-1ubuntu1_amd64.deb ...
    yandex: Unpacking gcc (4:5.3.1-1ubuntu1) ...
    yandex: Selecting previously unselected package libstdc++-5-dev:amd64.
    yandex: Preparing to unpack .../libstdc++-5-dev_5.4.0-6ubuntu1~16.04.12_amd64.deb ...
    yandex: Unpacking libstdc++-5-dev:amd64 (5.4.0-6ubuntu1~16.04.12) ...
    yandex: Selecting previously unselected package g++-5.
    yandex: Preparing to unpack .../g++-5_5.4.0-6ubuntu1~16.04.12_amd64.deb ...
    yandex: Unpacking g++-5 (5.4.0-6ubuntu1~16.04.12) ...
    yandex: Selecting previously unselected package g++.
    yandex: Preparing to unpack .../g++_4%3a5.3.1-1ubuntu1_amd64.deb ...
    yandex: Unpacking g++ (4:5.3.1-1ubuntu1) ...
    yandex: Selecting previously unselected package make.
    yandex: Preparing to unpack .../archives/make_4.1-6_amd64.deb ...
    yandex: Unpacking make (4.1-6) ...
    yandex: Selecting previously unselected package libdpkg-perl.
    yandex: Preparing to unpack .../libdpkg-perl_1.18.4ubuntu1.7_all.deb ...
    yandex: Unpacking libdpkg-perl (1.18.4ubuntu1.7) ...
    yandex: Selecting previously unselected package dpkg-dev.
    yandex: Preparing to unpack .../dpkg-dev_1.18.4ubuntu1.7_all.deb ...
    yandex: Unpacking dpkg-dev (1.18.4ubuntu1.7) ...
    yandex: Selecting previously unselected package build-essential.
    yandex: Preparing to unpack .../build-essential_12.1ubuntu2_amd64.deb ...
    yandex: Unpacking build-essential (12.1ubuntu2) ...
    yandex: Selecting previously unselected package libfakeroot:amd64.
    yandex: Preparing to unpack .../libfakeroot_1.20.2-1ubuntu1_amd64.deb ...
    yandex: Unpacking libfakeroot:amd64 (1.20.2-1ubuntu1) ...
    yandex: Selecting previously unselected package fakeroot.
    yandex: Preparing to unpack .../fakeroot_1.20.2-1ubuntu1_amd64.deb ...
    yandex: Unpacking fakeroot (1.20.2-1ubuntu1) ...
    yandex: Selecting previously unselected package libalgorithm-diff-perl.
    yandex: Preparing to unpack .../libalgorithm-diff-perl_1.19.03-1_all.deb ...
    yandex: Unpacking libalgorithm-diff-perl (1.19.03-1) ...
    yandex: Selecting previously unselected package libalgorithm-diff-xs-perl.
    yandex: Preparing to unpack .../libalgorithm-diff-xs-perl_0.04-4build1_amd64.deb ...
    yandex: Unpacking libalgorithm-diff-xs-perl (0.04-4build1) ...
    yandex: Selecting previously unselected package libalgorithm-merge-perl.
    yandex: Preparing to unpack .../libalgorithm-merge-perl_0.08-3_all.deb ...
    yandex: Unpacking libalgorithm-merge-perl (0.08-3) ...
    yandex: Selecting previously unselected package libfile-fcntllock-perl.
    yandex: Preparing to unpack .../libfile-fcntllock-perl_0.22-3_amd64.deb ...
    yandex: Unpacking libfile-fcntllock-perl (0.22-3) ...
    yandex: Selecting previously unselected package manpages-dev.
    yandex: Preparing to unpack .../manpages-dev_4.04-2_all.deb ...
    yandex: Unpacking manpages-dev (4.04-2) ...
    yandex: Processing triggers for libc-bin (2.23-0ubuntu11.3) ...
    yandex: Setting up libmpfr4:amd64 (3.1.4-1) ...
    yandex: Setting up libmpc3:amd64 (1.0.3-1) ...
    yandex: Setting up manpages (4.04-2) ...
    yandex: Setting up binutils (2.26.1-1ubuntu1~16.04.8) ...
    yandex: Setting up libc-dev-bin (2.23-0ubuntu11.3) ...
    yandex: Setting up linux-libc-dev:amd64 (4.4.0-210.242) ...
    yandex: Setting up libc6-dev:amd64 (2.23-0ubuntu11.3) ...
    yandex: Setting up libisl15:amd64 (0.16.1-1) ...
    yandex: Setting up cpp-5 (5.4.0-6ubuntu1~16.04.12) ...
    yandex: Setting up cpp (4:5.3.1-1ubuntu1) ...
    yandex: Setting up libcc1-0:amd64 (5.4.0-6ubuntu1~16.04.12) ...
    yandex: Setting up libgomp1:amd64 (5.4.0-6ubuntu1~16.04.12) ...
    yandex: Setting up libitm1:amd64 (5.4.0-6ubuntu1~16.04.12) ...
    yandex: Setting up libatomic1:amd64 (5.4.0-6ubuntu1~16.04.12) ...
    yandex: Setting up libasan2:amd64 (5.4.0-6ubuntu1~16.04.12) ...
    yandex: Setting up liblsan0:amd64 (5.4.0-6ubuntu1~16.04.12) ...
    yandex: Setting up libtsan0:amd64 (5.4.0-6ubuntu1~16.04.12) ...
    yandex: Setting up libubsan0:amd64 (5.4.0-6ubuntu1~16.04.12) ...
    yandex: Setting up libcilkrts5:amd64 (5.4.0-6ubuntu1~16.04.12) ...
    yandex: Setting up libmpx0:amd64 (5.4.0-6ubuntu1~16.04.12) ...
    yandex: Setting up libquadmath0:amd64 (5.4.0-6ubuntu1~16.04.12) ...
    yandex: Setting up libgcc-5-dev:amd64 (5.4.0-6ubuntu1~16.04.12) ...
    yandex: Setting up gcc-5 (5.4.0-6ubuntu1~16.04.12) ...
    yandex: Setting up gcc (4:5.3.1-1ubuntu1) ...
    yandex: Setting up libstdc++-5-dev:amd64 (5.4.0-6ubuntu1~16.04.12) ...
    yandex: Setting up g++-5 (5.4.0-6ubuntu1~16.04.12) ...
    yandex: Setting up g++ (4:5.3.1-1ubuntu1) ...
    yandex: update-alternatives: using /usr/bin/g++ to provide /usr/bin/c++ (c++) in auto mode
    yandex: Setting up make (4.1-6) ...
    yandex: Setting up libdpkg-perl (1.18.4ubuntu1.7) ...
    yandex: Setting up dpkg-dev (1.18.4ubuntu1.7) ...
    yandex: Setting up build-essential (12.1ubuntu2) ...
    yandex: Setting up libfakeroot:amd64 (1.20.2-1ubuntu1) ...
    yandex: Setting up fakeroot (1.20.2-1ubuntu1) ...
    yandex: update-alternatives: using /usr/bin/fakeroot-sysv to provide /usr/bin/fakeroot (fakeroot) in auto mode
    yandex: Setting up libalgorithm-diff-perl (1.19.03-1) ...
    yandex: Setting up libalgorithm-diff-xs-perl (0.04-4build1) ...
    yandex: Setting up libalgorithm-merge-perl (0.08-3) ...
    yandex: Setting up libfile-fcntllock-perl (0.22-3) ...
    yandex: Setting up manpages-dev (4.04-2) ...
    yandex: Processing triggers for libc-bin (2.23-0ubuntu11.3) ...
    yandex:
    yandex:
    yandex:
    yandex: STDERR:
    yandex:
Extracting templates from packages: 100%
    yandex:
    yandex:  ____________
    yandex: < PLAY RECAP >
    yandex:  ------------
    yandex:         \   ^__^
    yandex:          \  (oo)\_______
    yandex:             (__)\       )\/\
    yandex:                 ||----w |
    yandex:                 ||     ||
    yandex:
    yandex: default                    : ok=3    changed=2    unreachable=0    failed=0    skipped=0    rescued=0    ignored=0
    yandex:
==> yandex: Stopping instance...
==> yandex: Deleting instance...
    yandex: Instance has been deleted!
==> yandex: Creating image: reddit-app-1692362168
==> yandex: Waiting for image to complete...
==> yandex: Success image create...
==> yandex: Destroying subnet...
    yandex: Subnet has been deleted!
==> yandex: Destroying network...
    yandex: Network has been deleted!
==> yandex: Destroying boot disk...
    yandex: Disk has been deleted!
Build 'yandex' finished after 4 minutes 28 seconds.

==> Wait completed after 4 minutes 28 seconds

==> Builds finished. The artifacts of successful builds are:
--> yandex: A disk image was created: reddit-app-1692362168 (id: fd82kuluc04013sbe22g) with family name reddit-base
 ~/Project/aasdhajkshd_infra [ansible-2 L 1717]
[elnone@thinky] 15:40 $ packer build -var-file=packer/variables.json packer/db.json
yandex: output will be in this color.

==> yandex: Creating temporary RSA SSH key for instance...
==> yandex: Using as source image: fd87cmkcio5209nhgns0 (name: "ubuntu-16-04-lts-v20230814", family: "ubuntu-1604-lts")
==> yandex: Creating network...
==> yandex: Creating subnet in zone "ru-central1-a"...
==> yandex: Creating disk...
==> yandex: Creating instance...
==> yandex: Waiting for instance with id fhmp7gu5gas8i39brkn0 to become active...
    yandex: Detected instance IP: 51.250.76.202
==> yandex: Using SSH communicator to connect: 51.250.76.202
==> yandex: Waiting for SSH to become available...
==> yandex: Connected to SSH!
==> yandex: Provisioning with Ansible...
    yandex: Setting up proxy adapter for Ansible....
==> yandex: Executing Ansible: ansible-playbook -e packer_build_name="yandex" -e packer_builder_type=yandex --ssh-extra-args '-o IdentitiesOnly=yes' -vv --ssh-extra-args -o HostKeyAlgorithms=+ssh-rsa -o PubkeyAcceptedAlgorithms=+ssh-rsa -e ansible_ssh_private_key_file=/tmp/ansible-key636261302 -i /tmp/packer-provisioner-ansible94678306 /home/elnone/Project/aasdhajkshd_infra/ansible/packer_db.yml
    yandex: ansible-playbook [core 2.15.2]
    yandex:   config file = /home/elnone/Project/aasdhajkshd_infra/ansible/ansible.cfg
    yandex:   configured module search path = ['/home/elnone/.ansible/plugins/modules', '/usr/share/ansible/plugins/modules']
    yandex:   ansible python module location = /usr/lib/python3.11/site-packages/ansible
    yandex:   ansible collection location = /home/elnone/.ansible/collections:/usr/share/ansible/collections
    yandex:   executable location = /usr/bin/ansible-playbook
    yandex:   python version = 3.11.3 (main, Jun  5 2023, 09:32:32) [GCC 13.1.1 20230429] (/usr/bin/python)
    yandex:   jinja version = 3.1.2
    yandex:   libyaml = True
    yandex: Using /home/elnone/Project/aasdhajkshd_infra/ansible/ansible.cfg as config file
    yandex: redirecting (type: callback) ansible.builtin.debug to ansible.posix.debug
    yandex: redirecting (type: callback) ansible.builtin.debug to ansible.posix.debug
    yandex: Skipping callback 'default', as we already have a stdout callback.
    yandex: Skipping callback 'minimal', as we already have a stdout callback.
    yandex: Skipping callback 'oneline', as we already have a stdout callback.
    yandex:  _________________________
    yandex: < PLAYBOOK: packer_db.yml >
    yandex:  -------------------------
    yandex:         \   ^__^
    yandex:          \  (oo)\_______
    yandex:             (__)\       )\/\
    yandex:                 ||----w |
    yandex:                 ||     ||
    yandex:
    yandex: 1 plays in /home/elnone/Project/aasdhajkshd_infra/ansible/packer_db.yml
    yandex:  ________________________
    yandex: < PLAY [Install MongoDB] >
    yandex:  ------------------------
    yandex:         \   ^__^
    yandex:          \  (oo)\_______
    yandex:             (__)\       )\/\
    yandex:                 ||----w |
    yandex:                 ||     ||
    yandex:
    yandex:  ________________________
    yandex: < TASK [Gathering Facts] >
    yandex:  ------------------------
    yandex:         \   ^__^
    yandex:          \  (oo)\_______
    yandex:             (__)\       )\/\
    yandex:                 ||----w |
    yandex:                 ||     ||
    yandex:
    yandex: task path: /home/elnone/Project/aasdhajkshd_infra/ansible/packer_db.yml:2
    yandex: ok: [default]
    yandex:  ____________________
    yandex: < TASK [Add APT key] >
    yandex:  --------------------
    yandex:         \   ^__^
    yandex:          \  (oo)\_______
    yandex:             (__)\       )\/\
    yandex:                 ||----w |
    yandex:                 ||     ||
    yandex:
    yandex: task path: /home/elnone/Project/aasdhajkshd_infra/ansible/packer_db.yml:6
    yandex: changed: [default] => {
    yandex:     "after": [
    yandex:         "437D05B5",
    yandex:         "79164387",
    yandex:         "C0B21F32",
    yandex:         "EFE21092",
    yandex:         "FBB75451",
    yandex:         "991BC93C",
    yandex:         "EA312927"
    yandex:     ],
    yandex:     "before": [
    yandex:         "437D05B5",
    yandex:         "79164387",
    yandex:         "C0B21F32",
    yandex:         "EFE21092",
    yandex:         "FBB75451",
    yandex:         "991BC93C"
    yandex:     ],
    yandex:     "changed": true,
    yandex:     "fp": "EA312927",
    yandex:     "id": "EA312927",
    yandex:     "key_id": "EA312927",
    yandex:     "short_id": "EA312927"
    yandex: }
    yandex:  ____________________________
    yandex: < TASK [Add MongoDB GPG key] >
    yandex:  ----------------------------
    yandex:         \   ^__^
    yandex:          \  (oo)\_______
    yandex:             (__)\       )\/\
    yandex:                 ||----w |
    yandex:                 ||     ||
    yandex:
    yandex: task path: /home/elnone/Project/aasdhajkshd_infra/ansible/packer_db.yml:10
    yandex: [WARNING]: Module remote_tmp /root/.ansible/tmp did not exist and was created
    yandex: with a mode of 0700, this may cause issues when running as another user. To
    yandex: avoid this, create the remote_tmp dir with the correct permissions manually
    yandex: changed: [default] => {
    yandex:     "after": [
    yandex:         "40976EAF437D05B5",
    yandex:         "251BEFF479164387",
    yandex:         "3B4FE6ACC0B21F32",
    yandex:         "D94AA3F0EFE21092",
    yandex:         "46181433FBB75451",
    yandex:         "871920D1991BC93C",
    yandex:         "C3B786F0EA312927",
    yandex:         "656408E390CFB1F5"
    yandex:     ],
    yandex:     "before": [
    yandex:         "40976EAF437D05B5",
    yandex:         "251BEFF479164387",
    yandex:         "3B4FE6ACC0B21F32",
    yandex:         "D94AA3F0EFE21092",
    yandex:         "46181433FBB75451",
    yandex:         "871920D1991BC93C",
    yandex:         "C3B786F0EA312927"
    yandex:     ],
    yandex:     "changed": true,
    yandex:     "fp": "656408E390CFB1F5",
    yandex:     "id": "656408E390CFB1F5",
    yandex:     "key_id": "656408E390CFB1F5",
    yandex:     "short_id": "90CFB1F5"
    yandex: }
    yandex:  ___________________________
    yandex: < TASK [Add APT repository] >
    yandex:  ---------------------------
    yandex:         \   ^__^
    yandex:          \  (oo)\_______
    yandex:             (__)\       )\/\
    yandex:                 ||----w |
    yandex:                 ||     ||
    yandex:
    yandex: task path: /home/elnone/Project/aasdhajkshd_infra/ansible/packer_db.yml:14
    yandex: changed: [default] => {
    yandex:     "changed": true,
    yandex:     "repo": "deb [ arch=amd64 ] http://repo.mongodb.org/apt/ubuntu xenial/mongodb-org/4.4 multiverse",
    yandex:     "sources_added": [
    yandex:         "/etc/apt/sources.list.d/repo_mongodb_org_apt_ubuntu.list"
    yandex:     ],
    yandex:     "sources_removed": [],
    yandex:     "state": "present"
    yandex: }
    yandex:  ________________________________
    yandex: < TASK [Install mongodb package] >
    yandex:  --------------------------------
    yandex:         \   ^__^
    yandex:          \  (oo)\_______
    yandex:             (__)\       )\/\
    yandex:                 ||----w |
    yandex:                 ||     ||
    yandex:
    yandex: task path: /home/elnone/Project/aasdhajkshd_infra/ansible/packer_db.yml:18
    yandex: changed: [default] => {
    yandex:     "cache_update_time": 1692363031,
    yandex:     "cache_updated": false,
    yandex:     "changed": true
    yandex: }
    yandex:
    yandex: STDOUT:
    yandex:
    yandex: Reading package lists...
    yandex: Building dependency tree...
    yandex: Reading state information...
    yandex: The following additional packages will be installed:
    yandex:   libcurl3 mongodb-database-tools mongodb-org-database-tools-extra
    yandex:   mongodb-org-mongos mongodb-org-server mongodb-org-shell mongodb-org-tools
    yandex: The following NEW packages will be installed:
    yandex:   libcurl3 mongodb-database-tools mongodb-org mongodb-org-database-tools-extra
    yandex:   mongodb-org-mongos mongodb-org-server mongodb-org-shell mongodb-org-tools
    yandex: 0 upgraded, 8 newly installed, 0 to remove and 8 not upgraded.
    yandex: Need to get 101 MB of archives.
    yandex: After this operation, 204 MB of additional disk space will be used.
    yandex: Get:1 http://mirror.yandex.ru/ubuntu xenial-updates/main amd64 libcurl3 amd64 7.47.0-1ubuntu2.19 [192 kB]
    yandex: Get:2 http://repo.mongodb.org/apt/ubuntu xenial/mongodb-org/4.4/multiverse amd64 mongodb-database-tools amd64 100.8.0 [50.7 MB]
    yandex: Get:3 http://repo.mongodb.org/apt/ubuntu xenial/mongodb-org/4.4/multiverse amd64 mongodb-org-shell amd64 4.4.23 [13.3 MB]
    yandex: Get:4 http://repo.mongodb.org/apt/ubuntu xenial/mongodb-org/4.4/multiverse amd64 mongodb-org-server amd64 4.4.23 [20.6 MB]
    yandex: Get:5 http://repo.mongodb.org/apt/ubuntu xenial/mongodb-org/4.4/multiverse amd64 mongodb-org-mongos amd64 4.4.23 [16.0 MB]
    yandex: Get:6 http://repo.mongodb.org/apt/ubuntu xenial/mongodb-org/4.4/multiverse amd64 mongodb-org-database-tools-extra amd64 4.4.23 [7678 B]
    yandex: Get:7 http://repo.mongodb.org/apt/ubuntu xenial/mongodb-org/4.4/multiverse amd64 mongodb-org-tools amd64 4.4.23 [2830 B]
    yandex: Get:8 http://repo.mongodb.org/apt/ubuntu xenial/mongodb-org/4.4/multiverse amd64 mongodb-org amd64 4.4.23 [3512 B]
    yandex: Fetched 101 MB in 6s (16.7 MB/s)
    yandex: Selecting previously unselected package libcurl3:amd64.
(Reading database ... 56152 files and directories currently installed.)
    yandex: Preparing to unpack .../libcurl3_7.47.0-1ubuntu2.19_amd64.deb ...
    yandex: Unpacking libcurl3:amd64 (7.47.0-1ubuntu2.19) ...
    yandex: Selecting previously unselected package mongodb-database-tools.
    yandex: Preparing to unpack .../mongodb-database-tools_100.8.0_amd64.deb ...
    yandex: Unpacking mongodb-database-tools (100.8.0) ...
    yandex: Selecting previously unselected package mongodb-org-shell.
    yandex: Preparing to unpack .../mongodb-org-shell_4.4.23_amd64.deb ...
    yandex: Unpacking mongodb-org-shell (4.4.23) ...
    yandex: Selecting previously unselected package mongodb-org-server.
    yandex: Preparing to unpack .../mongodb-org-server_4.4.23_amd64.deb ...
    yandex: Unpacking mongodb-org-server (4.4.23) ...
    yandex: Selecting previously unselected package mongodb-org-mongos.
    yandex: Preparing to unpack .../mongodb-org-mongos_4.4.23_amd64.deb ...
    yandex: Unpacking mongodb-org-mongos (4.4.23) ...
    yandex: Selecting previously unselected package mongodb-org-database-tools-extra.
    yandex: Preparing to unpack .../mongodb-org-database-tools-extra_4.4.23_amd64.deb ...
    yandex: Unpacking mongodb-org-database-tools-extra (4.4.23) ...
    yandex: Selecting previously unselected package mongodb-org-tools.
    yandex: Preparing to unpack .../mongodb-org-tools_4.4.23_amd64.deb ...
    yandex: Unpacking mongodb-org-tools (4.4.23) ...
    yandex: Selecting previously unselected package mongodb-org.
    yandex: Preparing to unpack .../mongodb-org_4.4.23_amd64.deb ...
    yandex: Unpacking mongodb-org (4.4.23) ...
    yandex: Processing triggers for libc-bin (2.23-0ubuntu11.3) ...
    yandex: Setting up libcurl3:amd64 (7.47.0-1ubuntu2.19) ...
    yandex: Setting up mongodb-database-tools (100.8.0) ...
    yandex: Setting up mongodb-org-shell (4.4.23) ...
    yandex: Setting up mongodb-org-server (4.4.23) ...
    yandex: Adding system user `mongodb' (UID 108) ...
    yandex: Adding new user `mongodb' (UID 108) with group `nogroup' ...
    yandex: Not creating home directory `/home/mongodb'.
    yandex: Adding group `mongodb' (GID 112) ...
    yandex: Done.
    yandex: Adding user `mongodb' to group `mongodb' ...
    yandex: Adding user mongodb to group mongodb
    yandex: Done.
    yandex: Setting up mongodb-org-mongos (4.4.23) ...
    yandex: Setting up mongodb-org-database-tools-extra (4.4.23) ...
    yandex: Setting up mongodb-org-tools (4.4.23) ...
    yandex: Setting up mongodb-org (4.4.23) ...
    yandex: Processing triggers for libc-bin (2.23-0ubuntu11.3) ...
    yandex:
    yandex:  _______________________
    yandex: < TASK [Enable MongoDB] >
    yandex:  -----------------------
    yandex:         \   ^__^
    yandex:          \  (oo)\_______
    yandex:             (__)\       )\/\
    yandex:                 ||----w |
    yandex:                 ||     ||
    yandex:
    yandex: task path: /home/elnone/Project/aasdhajkshd_infra/ansible/packer_db.yml:22
    yandex: changed: [default] => {
    yandex:     "changed": true,
    yandex:     "enabled": true,
    yandex:     "name": "mongod",
    yandex:     "status": {
    yandex:         "ActiveEnterTimestampMonotonic": "0",
    yandex:         "ActiveExitTimestampMonotonic": "0",
    yandex:         "ActiveState": "inactive",
    yandex:         "After": "systemd-journald.socket basic.target sysinit.target network-online.target system.slice",
    yandex:         "AllowIsolate": "no",
    yandex:         "AmbientCapabilities": "0",
    yandex:         "AssertResult": "no",
    yandex:         "AssertTimestampMonotonic": "0",
    yandex:         "Before": "shutdown.target",
    yandex:         "BlockIOAccounting": "no",
    yandex:         "BlockIOWeight": "18446744073709551615",
    yandex:         "CPUAccounting": "no",
    yandex:         "CPUQuotaPerSecUSec": "infinity",
    yandex:         "CPUSchedulingPolicy": "0",
    yandex:         "CPUSchedulingPriority": "0",
    yandex:         "CPUSchedulingResetOnFork": "no",
    yandex:         "CPUShares": "18446744073709551615",
    yandex:         "CPUUsageNSec": "18446744073709551615",
    yandex:         "CanIsolate": "no",
    yandex:         "CanReload": "no",
    yandex:         "CanStart": "yes",
    yandex:         "CanStop": "yes",
    yandex:         "CapabilityBoundingSet": "18446744073709551615",
    yandex:         "ConditionResult": "no",
    yandex:         "ConditionTimestampMonotonic": "0",
    yandex:         "Conflicts": "shutdown.target",
    yandex:         "ControlPID": "0",
    yandex:         "DefaultDependencies": "yes",
    yandex:         "Delegate": "no",
    yandex:         "Description": "MongoDB Database Server",
    yandex:         "DevicePolicy": "auto",
    yandex:         "Documentation": "https://docs.mongodb.org/manual",
    yandex:         "Environment": "MONGODB_CONFIG_OVERRIDE_NOFORK=1",
    yandex:         "EnvironmentFile": "/etc/default/mongod (ignore_errors=yes)",
    yandex:         "ExecMainCode": "0",
    yandex:         "ExecMainExitTimestampMonotonic": "0",
    yandex:         "ExecMainPID": "0",
    yandex:         "ExecMainStartTimestampMonotonic": "0",
    yandex:         "ExecMainStatus": "0",
    yandex:         "ExecStart": "{ path=/usr/bin/mongod ; argv[]=/usr/bin/mongod --config /etc/mongod.conf ; ignore_errors=no ; start_time=[n/a] ; stop_time=[n/a] ; pid=0 ; code=(null) ; status=0/0 }",
    yandex:         "FailureAction": "none",
    yandex:         "FileDescriptorStoreMax": "0",
    yandex:         "FragmentPath": "/lib/systemd/system/mongod.service",
    yandex:         "Group": "mongodb",
    yandex:         "GuessMainPID": "yes",
    yandex:         "IOScheduling": "0",
    yandex:         "Id": "mongod.service",
    yandex:         "IgnoreOnIsolate": "no",
    yandex:         "IgnoreSIGPIPE": "yes",
    yandex:         "InactiveEnterTimestampMonotonic": "0",
    yandex:         "InactiveExitTimestampMonotonic": "0",
    yandex:         "JobTimeoutAction": "none",
    yandex:         "JobTimeoutUSec": "infinity",
    yandex:         "KillMode": "control-group",
    yandex:         "KillSignal": "15",
    yandex:         "LimitAS": "18446744073709551615",
    yandex:         "LimitASSoft": "18446744073709551615",
    yandex:         "LimitCORE": "18446744073709551615",
    yandex:         "LimitCORESoft": "0",
    yandex:         "LimitCPU": "18446744073709551615",
    yandex:         "LimitCPUSoft": "18446744073709551615",
    yandex:         "LimitDATA": "18446744073709551615",
    yandex:         "LimitDATASoft": "18446744073709551615",
    yandex:         "LimitFSIZE": "18446744073709551615",
    yandex:         "LimitFSIZESoft": "18446744073709551615",
    yandex:         "LimitLOCKS": "18446744073709551615",
    yandex:         "LimitLOCKSSoft": "18446744073709551615",
    yandex:         "LimitMEMLOCK": "18446744073709551615",
    yandex:         "LimitMEMLOCKSoft": "18446744073709551615",
    yandex:         "LimitMSGQUEUE": "819200",
    yandex:         "LimitMSGQUEUESoft": "819200",
    yandex:         "LimitNICE": "0",
    yandex:         "LimitNICESoft": "0",
    yandex:         "LimitNOFILE": "64000",
    yandex:         "LimitNOFILESoft": "64000",
    yandex:         "LimitNPROC": "64000",
    yandex:         "LimitNPROCSoft": "64000",
    yandex:         "LimitRSS": "18446744073709551615",
    yandex:         "LimitRSSSoft": "18446744073709551615",
    yandex:         "LimitRTPRIO": "0",
    yandex:         "LimitRTPRIOSoft": "0",
    yandex:         "LimitRTTIME": "18446744073709551615",
    yandex:         "LimitRTTIMESoft": "18446744073709551615",
    yandex:         "LimitSIGPENDING": "15652",
    yandex:         "LimitSIGPENDINGSoft": "15652",
    yandex:         "LimitSTACK": "18446744073709551615",
    yandex:         "LimitSTACKSoft": "8388608",
    yandex:         "LoadState": "loaded",
    yandex:         "MainPID": "0",
    yandex:         "MemoryAccounting": "no",
    yandex:         "MemoryCurrent": "18446744073709551615",
    yandex:         "MemoryLimit": "18446744073709551615",
    yandex:         "MountFlags": "0",
    yandex:         "NFileDescriptorStore": "0",
    yandex:         "Names": "mongod.service",
    yandex:         "NeedDaemonReload": "no",
    yandex:         "Nice": "0",
    yandex:         "NoNewPrivileges": "no",
    yandex:         "NonBlocking": "no",
    yandex:         "NotifyAccess": "none",
    yandex:         "OOMScoreAdjust": "0",
    yandex:         "OnFailureJobMode": "replace",
    yandex:         "PermissionsStartOnly": "no",
    yandex:         "PrivateDevices": "no",
    yandex:         "PrivateNetwork": "no",
    yandex:         "PrivateTmp": "no",
    yandex:         "ProtectHome": "no",
    yandex:         "ProtectSystem": "no",
    yandex:         "RefuseManualStart": "no",
    yandex:         "RefuseManualStop": "no",
    yandex:         "RemainAfterExit": "no",
    yandex:         "Requires": "system.slice sysinit.target",
    yandex:         "Restart": "no",
    yandex:         "RestartUSec": "100ms",
    yandex:         "Result": "success",
    yandex:         "RootDirectoryStartOnly": "no",
    yandex:         "RuntimeDirectory": "mongodb",
    yandex:         "RuntimeDirectoryMode": "0755",
    yandex:         "RuntimeMaxUSec": "infinity",
    yandex:         "SameProcessGroup": "no",
    yandex:         "SecureBits": "0",
    yandex:         "SendSIGHUP": "no",
    yandex:         "SendSIGKILL": "yes",
    yandex:         "Slice": "system.slice",
    yandex:         "StandardError": "inherit",
    yandex:         "StandardInput": "null",
    yandex:         "StandardOutput": "journal",
    yandex:         "StartLimitAction": "none",
    yandex:         "StartLimitBurst": "5",
    yandex:         "StartLimitInterval": "10000000",
    yandex:         "StartupBlockIOWeight": "18446744073709551615",
    yandex:         "StartupCPUShares": "18446744073709551615",
    yandex:         "StateChangeTimestampMonotonic": "0",
    yandex:         "StatusErrno": "0",
    yandex:         "StopWhenUnneeded": "no",
    yandex:         "SubState": "dead",
    yandex:         "SyslogFacility": "3",
    yandex:         "SyslogLevel": "6",
    yandex:         "SyslogLevelPrefix": "yes",
    yandex:         "SyslogPriority": "30",
    yandex:         "SystemCallErrorNumber": "0",
    yandex:         "TTYReset": "no",
    yandex:         "TTYVHangup": "no",
    yandex:         "TTYVTDisallocate": "no",
    yandex:         "TasksAccounting": "no",
    yandex:         "TasksCurrent": "18446744073709551615",
    yandex:         "TasksMax": "18446744073709551615",
    yandex:         "TimeoutStartUSec": "1min 30s",
    yandex:         "TimeoutStopUSec": "1min 30s",
    yandex:         "TimerSlackNSec": "50000",
    yandex:         "Transient": "no",
    yandex:         "Type": "simple",
    yandex:         "UMask": "0022",
    yandex:         "UnitFilePreset": "enabled",
    yandex:         "UnitFileState": "disabled",
    yandex:         "User": "mongodb",
    yandex:         "UtmpMode": "init",
    yandex:         "Wants": "network-online.target",
    yandex:         "WatchdogTimestampMonotonic": "0",
    yandex:         "WatchdogUSec": "0"
    yandex:     }
    yandex: }
    yandex:  ____________
    yandex: < PLAY RECAP >
    yandex:  ------------
    yandex:         \   ^__^
    yandex:          \  (oo)\_______
    yandex:             (__)\       )\/\
    yandex:                 ||----w |
    yandex:                 ||     ||
    yandex:
    yandex: default                    : ok=6    changed=5    unreachable=0    failed=0    skipped=0    rescued=0    ignored=0
    yandex:
==> yandex: Stopping instance...
==> yandex: Deleting instance...
    yandex: Instance has been deleted!
==> yandex: Creating image: reddit-db-1692362938
==> yandex: Waiting for image to complete...
==> yandex: Success image create...
==> yandex: Destroying subnet...
    yandex: Subnet has been deleted!
==> yandex: Destroying network...
    yandex: Network has been deleted!
==> yandex: Destroying boot disk...
    yandex: Disk has been deleted!
Build 'yandex' finished after 3 minutes 42 seconds.

==> Wait completed after 3 minutes 42 seconds

==> Builds finished. The artifacts of successful builds are:
--> yandex: A disk image was created: reddit-db-1692362938 (id: fd8ndf64j3jukuq3pdct) with family name reddit-base
 ~/Project/aasdhajkshd_infra [ansible-2 L 1718]
[elnone@thinky] 15:52 $ yc compute images list
+----------------------+------------------------+-------------+----------------------+--------+
|          ID          |          NAME          |   FAMILY    |     PRODUCT IDS      | STATUS |
+----------------------+------------------------+-------------+----------------------+--------+
| fd82kuluc04013sbe22g | reddit-app-1692362168  | reddit-base | f2e5pn9cvd0mf5sg7bdn | READY  |
| fd8idgg4s709v05bagtm | reddit-base-1688384452 | reddit-base | f2eatq1k1am8rbdi37ap | READY  |
| fd8ndf64j3jukuq3pdct | reddit-db-1692362938   | reddit-base | f2e5pn9cvd0mf5sg7bdn | READY  |
+----------------------+------------------------+-------------+----------------------+--------+

There is a new yc version '0.109.0' available. Current version: '0.106.0'.
But yc seems to be installed as a standalone binary, thus self-update is not available.
Please reinstall yc following the instructions on the page https://cloud.yandex.ru/docs/cli/quickstart#install
See release notes at https://cloud.yandex.ru/docs/cli/release-notes

reddit-app                 : ok=14   changed=3    unreachable=0    failed=0    skipped=1    rescued=0    ignored=0
reddit-db                  : ok=3    changed=2    unreachable=0    failed=0    skipped=0    rescued=0    ignored=0

   (BUTTON) [1]Monolith Reddit
     * [2]Sign up
     * [3]Login

   (BUTTON)

0

   (BUTTON)

[4]Ansible-2

18-08-2023
13:28

   [5]Go to the link
   VK 13:29 18-08-2023
   Hello
   Log in or sign up to add a new comment! :)

Menu

     * [6]All posts
     * [7]New post

References

   1. file:///
   2. file:///signup
   3. file:///login
   4. file:///tmp/lynxXXXXkHJnmc/64df7216f163250d91b0a6a3
   5. http://130.193.39.225:9292/
   6. file:///
   7. file:///new
